{"/Users/abizeyimanavictor/Documents/www/frappe-backend/index.js":{"path":"/Users/abizeyimanavictor/Documents/www/frappe-backend/index.js","statementMap":{"0":{"start":{"line":1,"column":19},"end":{"line":1,"column":48}},"1":{"start":{"line":2,"column":17},"end":{"line":2,"column":47}},"2":{"start":{"line":3,"column":14},"end":{"line":3,"column":32}},"3":{"start":{"line":10,"column":0},"end":{"line":386,"column":2}},"4":{"start":{"line":12,"column":4},"end":{"line":12,"column":21}},"5":{"start":{"line":13,"column":19},"end":{"line":13,"column":51}},"6":{"start":{"line":14,"column":4},"end":{"line":14,"column":30}},"7":{"start":{"line":15,"column":23},"end":{"line":15,"column":55}},"8":{"start":{"line":16,"column":4},"end":{"line":16,"column":36}},"9":{"start":{"line":17,"column":4},"end":{"line":17,"column":38}},"10":{"start":{"line":69,"column":4},"end":{"line":69,"column":44}},"11":{"start":{"line":69,"column":37},"end":{"line":69,"column":44}},"12":{"start":{"line":70,"column":4},"end":{"line":70,"column":22}},"13":{"start":{"line":71,"column":4},"end":{"line":71,"column":23}},"14":{"start":{"line":72,"column":4},"end":{"line":72,"column":33}},"15":{"start":{"line":73,"column":4},"end":{"line":73,"column":35}},"16":{"start":{"line":74,"column":4},"end":{"line":74,"column":29}},"17":{"start":{"line":78,"column":4},"end":{"line":82,"column":6}},"18":{"start":{"line":86,"column":4},"end":{"line":86,"column":24}},"19":{"start":{"line":87,"column":4},"end":{"line":87,"column":21}},"20":{"start":{"line":88,"column":4},"end":{"line":88,"column":20}},"21":{"start":{"line":89,"column":4},"end":{"line":89,"column":20}},"22":{"start":{"line":90,"column":4},"end":{"line":90,"column":20}},"23":{"start":{"line":91,"column":4},"end":{"line":91,"column":22}},"24":{"start":{"line":92,"column":4},"end":{"line":92,"column":23}},"25":{"start":{"line":94,"column":4},"end":{"line":94,"column":21}},"26":{"start":{"line":99,"column":4},"end":{"line":99,"column":26}},"27":{"start":{"line":104,"column":4},"end":{"line":125,"column":5}},"28":{"start":{"line":105,"column":27},"end":{"line":105,"column":42}},"29":{"start":{"line":106,"column":6},"end":{"line":108,"column":7}},"30":{"start":{"line":107,"column":8},"end":{"line":107,"column":60}},"31":{"start":{"line":109,"column":6},"end":{"line":113,"column":7}},"32":{"start":{"line":110,"column":8},"end":{"line":112,"column":10}},"33":{"start":{"line":114,"column":23},"end":{"line":116,"column":15}},"34":{"start":{"line":115,"column":21},"end":{"line":115,"column":33}},"35":{"start":{"line":117,"column":32},"end":{"line":117,"column":63}},"36":{"start":{"line":118,"column":6},"end":{"line":122,"column":7}},"37":{"start":{"line":119,"column":8},"end":{"line":121,"column":10}},"38":{"start":{"line":124,"column":6},"end":{"line":124,"column":44}},"39":{"start":{"line":129,"column":17},"end":{"line":129,"column":19}},"40":{"start":{"line":130,"column":4},"end":{"line":132,"column":5}},"41":{"start":{"line":131,"column":6},"end":{"line":131,"column":40}},"42":{"start":{"line":133,"column":4},"end":{"line":133,"column":67}},"43":{"start":{"line":137,"column":4},"end":{"line":137,"column":49}},"44":{"start":{"line":137,"column":27},"end":{"line":137,"column":49}},"45":{"start":{"line":138,"column":4},"end":{"line":138,"column":36}},"46":{"start":{"line":142,"column":4},"end":{"line":142,"column":35}},"47":{"start":{"line":143,"column":4},"end":{"line":155,"column":5}},"48":{"start":{"line":145,"column":6},"end":{"line":154,"column":8}},"49":{"start":{"line":148,"column":21},"end":{"line":148,"column":48}},"50":{"start":{"line":149,"column":10},"end":{"line":151,"column":11}},"51":{"start":{"line":150,"column":12},"end":{"line":150,"column":22}},"52":{"start":{"line":152,"column":10},"end":{"line":152,"column":37}},"53":{"start":{"line":159,"column":4},"end":{"line":165,"column":5}},"54":{"start":{"line":160,"column":6},"end":{"line":164,"column":7}},"55":{"start":{"line":161,"column":8},"end":{"line":161,"column":48}},"56":{"start":{"line":163,"column":8},"end":{"line":163,"column":47}},"57":{"start":{"line":167,"column":14},"end":{"line":167,"column":37}},"58":{"start":{"line":168,"column":19},"end":{"line":175,"column":6}},"59":{"start":{"line":176,"column":4},"end":{"line":176,"column":33}},"60":{"start":{"line":180,"column":4},"end":{"line":180,"column":27}},"61":{"start":{"line":180,"column":20},"end":{"line":180,"column":27}},"62":{"start":{"line":183,"column":4},"end":{"line":198,"column":5}},"63":{"start":{"line":184,"column":6},"end":{"line":186,"column":7}},"64":{"start":{"line":185,"column":8},"end":{"line":185,"column":36}},"65":{"start":{"line":187,"column":6},"end":{"line":187,"column":45}},"66":{"start":{"line":190,"column":6},"end":{"line":192,"column":7}},"67":{"start":{"line":191,"column":8},"end":{"line":191,"column":29}},"68":{"start":{"line":195,"column":6},"end":{"line":197,"column":9}},"69":{"start":{"line":196,"column":8},"end":{"line":196,"column":44}},"70":{"start":{"line":202,"column":4},"end":{"line":206,"column":5}},"71":{"start":{"line":203,"column":6},"end":{"line":203,"column":38}},"72":{"start":{"line":205,"column":6},"end":{"line":205,"column":65}},"73":{"start":{"line":210,"column":4},"end":{"line":216,"column":6}},"74":{"start":{"line":220,"column":4},"end":{"line":222,"column":5}},"75":{"start":{"line":221,"column":6},"end":{"line":221,"column":38}},"76":{"start":{"line":226,"column":4},"end":{"line":233,"column":5}},"77":{"start":{"line":227,"column":18},"end":{"line":227,"column":38}},"78":{"start":{"line":228,"column":6},"end":{"line":230,"column":7}},"79":{"start":{"line":229,"column":8},"end":{"line":229,"column":66}},"80":{"start":{"line":231,"column":22},"end":{"line":231,"column":54}},"81":{"start":{"line":232,"column":6},"end":{"line":232,"column":53}},"82":{"start":{"line":235,"column":4},"end":{"line":235,"column":35}},"83":{"start":{"line":239,"column":14},"end":{"line":241,"column":43}},"84":{"start":{"line":242,"column":4},"end":{"line":249,"column":5}},"85":{"start":{"line":243,"column":6},"end":{"line":246,"column":9}},"86":{"start":{"line":247,"column":6},"end":{"line":247,"column":23}},"87":{"start":{"line":248,"column":6},"end":{"line":248,"column":27}},"88":{"start":{"line":250,"column":4},"end":{"line":250,"column":15}},"89":{"start":{"line":254,"column":17},"end":{"line":254,"column":38}},"90":{"start":{"line":255,"column":4},"end":{"line":255,"column":51}},"91":{"start":{"line":259,"column":4},"end":{"line":259,"column":47}},"92":{"start":{"line":263,"column":19},"end":{"line":263,"column":52}},"93":{"start":{"line":264,"column":4},"end":{"line":275,"column":5}},"94":{"start":{"line":265,"column":6},"end":{"line":265,"column":68}},"95":{"start":{"line":265,"column":59},"end":{"line":265,"column":68}},"96":{"start":{"line":266,"column":6},"end":{"line":274,"column":7}},"97":{"start":{"line":267,"column":8},"end":{"line":271,"column":11}},"98":{"start":{"line":268,"column":21},"end":{"line":268,"column":41}},"99":{"start":{"line":269,"column":10},"end":{"line":269,"column":25}},"100":{"start":{"line":270,"column":10},"end":{"line":270,"column":22}},"101":{"start":{"line":273,"column":8},"end":{"line":273,"column":55}},"102":{"start":{"line":276,"column":4},"end":{"line":276,"column":18}},"103":{"start":{"line":280,"column":14},"end":{"line":280,"column":47}},"104":{"start":{"line":281,"column":4},"end":{"line":281,"column":28}},"105":{"start":{"line":282,"column":4},"end":{"line":282,"column":40}},"106":{"start":{"line":283,"column":4},"end":{"line":285,"column":5}},"107":{"start":{"line":284,"column":6},"end":{"line":284,"column":27}},"108":{"start":{"line":286,"column":4},"end":{"line":286,"column":15}},"109":{"start":{"line":290,"column":14},"end":{"line":290,"column":60}},"110":{"start":{"line":291,"column":4},"end":{"line":291,"column":28}},"111":{"start":{"line":292,"column":4},"end":{"line":292,"column":38}},"112":{"start":{"line":293,"column":4},"end":{"line":293,"column":25}},"113":{"start":{"line":294,"column":4},"end":{"line":294,"column":15}},"114":{"start":{"line":298,"column":15},"end":{"line":298,"column":57}},"115":{"start":{"line":299,"column":4},"end":{"line":299,"column":16}},"116":{"start":{"line":303,"column":14},"end":{"line":303,"column":61}},"117":{"start":{"line":304,"column":4},"end":{"line":304,"column":22}},"118":{"start":{"line":305,"column":4},"end":{"line":305,"column":15}},"119":{"start":{"line":309,"column":4},"end":{"line":309,"column":44}},"120":{"start":{"line":314,"column":4},"end":{"line":321,"column":5}},"121":{"start":{"line":315,"column":6},"end":{"line":315,"column":55}},"122":{"start":{"line":316,"column":6},"end":{"line":316,"column":31}},"123":{"start":{"line":317,"column":6},"end":{"line":317,"column":25}},"124":{"start":{"line":319,"column":6},"end":{"line":319,"column":30}},"125":{"start":{"line":320,"column":6},"end":{"line":320,"column":25}},"126":{"start":{"line":326,"column":4},"end":{"line":331,"column":5}},"127":{"start":{"line":327,"column":6},"end":{"line":329,"column":8}},"128":{"start":{"line":330,"column":6},"end":{"line":330,"column":13}},"129":{"start":{"line":333,"column":19},"end":{"line":340,"column":6}},"130":{"start":{"line":342,"column":4},"end":{"line":351,"column":5}},"131":{"start":{"line":343,"column":18},"end":{"line":343,"column":39}},"132":{"start":{"line":345,"column":6},"end":{"line":348,"column":8}},"133":{"start":{"line":350,"column":6},"end":{"line":350,"column":17}},"134":{"start":{"line":353,"column":4},"end":{"line":353,"column":20}},"135":{"start":{"line":357,"column":19},"end":{"line":364,"column":6}},"136":{"start":{"line":366,"column":4},"end":{"line":368,"column":5}},"137":{"start":{"line":367,"column":6},"end":{"line":367,"column":35}},"138":{"start":{"line":370,"column":4},"end":{"line":370,"column":20}},"139":{"start":{"line":374,"column":4},"end":{"line":374,"column":39}},"140":{"start":{"line":378,"column":4},"end":{"line":378,"column":20}},"141":{"start":{"line":380,"column":4},"end":{"line":382,"column":5}},"142":{"start":{"line":381,"column":6},"end":{"line":381,"column":26}}},"fnMap":{"0":{"name":"(anonymous_0)","decl":{"start":{"line":11,"column":2},"end":{"line":11,"column":3}},"loc":{"start":{"line":11,"column":58},"end":{"line":18,"column":3}},"line":11},"1":{"name":"(anonymous_1)","decl":{"start":{"line":68,"column":2},"end":{"line":68,"column":3}},"loc":{"start":{"line":68,"column":14},"end":{"line":75,"column":3}},"line":68},"2":{"name":"(anonymous_2)","decl":{"start":{"line":77,"column":2},"end":{"line":77,"column":3}},"loc":{"start":{"line":77,"column":15},"end":{"line":83,"column":3}},"line":77},"3":{"name":"(anonymous_3)","decl":{"start":{"line":85,"column":2},"end":{"line":85,"column":3}},"loc":{"start":{"line":85,"column":16},"end":{"line":95,"column":3}},"line":85},"4":{"name":"(anonymous_4)","decl":{"start":{"line":97,"column":2},"end":{"line":97,"column":3}},"loc":{"start":{"line":97,"column":23},"end":{"line":100,"column":3}},"line":97},"5":{"name":"(anonymous_5)","decl":{"start":{"line":102,"column":2},"end":{"line":102,"column":3}},"loc":{"start":{"line":102,"column":25},"end":{"line":126,"column":3}},"line":102},"6":{"name":"(anonymous_6)","decl":{"start":{"line":115,"column":13},"end":{"line":115,"column":14}},"loc":{"start":{"line":115,"column":21},"end":{"line":115,"column":33}},"line":115},"7":{"name":"(anonymous_7)","decl":{"start":{"line":128,"column":2},"end":{"line":128,"column":3}},"loc":{"start":{"line":128,"column":28},"end":{"line":134,"column":3}},"line":128},"8":{"name":"(anonymous_8)","decl":{"start":{"line":136,"column":2},"end":{"line":136,"column":3}},"loc":{"start":{"line":136,"column":35},"end":{"line":139,"column":3}},"line":136},"9":{"name":"(anonymous_9)","decl":{"start":{"line":141,"column":2},"end":{"line":141,"column":3}},"loc":{"start":{"line":141,"column":38},"end":{"line":156,"column":3}},"line":141},"10":{"name":"(anonymous_10)","decl":{"start":{"line":147,"column":26},"end":{"line":147,"column":27}},"loc":{"start":{"line":147,"column":61},"end":{"line":153,"column":9}},"line":147},"11":{"name":"(anonymous_11)","decl":{"start":{"line":158,"column":2},"end":{"line":158,"column":3}},"loc":{"start":{"line":158,"column":31},"end":{"line":177,"column":3}},"line":158},"12":{"name":"(anonymous_12)","decl":{"start":{"line":179,"column":2},"end":{"line":179,"column":3}},"loc":{"start":{"line":179,"column":18},"end":{"line":199,"column":3}},"line":179},"13":{"name":"(anonymous_13)","decl":{"start":{"line":195,"column":23},"end":{"line":195,"column":24}},"loc":{"start":{"line":195,"column":35},"end":{"line":197,"column":7}},"line":195},"14":{"name":"(anonymous_14)","decl":{"start":{"line":201,"column":2},"end":{"line":201,"column":3}},"loc":{"start":{"line":201,"column":33},"end":{"line":207,"column":3}},"line":201},"15":{"name":"(anonymous_15)","decl":{"start":{"line":209,"column":2},"end":{"line":209,"column":3}},"loc":{"start":{"line":209,"column":25},"end":{"line":217,"column":3}},"line":209},"16":{"name":"(anonymous_16)","decl":{"start":{"line":219,"column":2},"end":{"line":219,"column":3}},"loc":{"start":{"line":219,"column":33},"end":{"line":223,"column":3}},"line":219},"17":{"name":"(anonymous_17)","decl":{"start":{"line":225,"column":2},"end":{"line":225,"column":3}},"loc":{"start":{"line":225,"column":19},"end":{"line":236,"column":3}},"line":225},"18":{"name":"(anonymous_18)","decl":{"start":{"line":238,"column":2},"end":{"line":238,"column":3}},"loc":{"start":{"line":238,"column":70},"end":{"line":251,"column":3}},"line":238},"19":{"name":"(anonymous_19)","decl":{"start":{"line":253,"column":2},"end":{"line":253,"column":3}},"loc":{"start":{"line":253,"column":28},"end":{"line":256,"column":3}},"line":253},"20":{"name":"(anonymous_20)","decl":{"start":{"line":258,"column":2},"end":{"line":258,"column":3}},"loc":{"start":{"line":258,"column":27},"end":{"line":260,"column":3}},"line":258},"21":{"name":"(anonymous_21)","decl":{"start":{"line":262,"column":2},"end":{"line":262,"column":3}},"loc":{"start":{"line":262,"column":26},"end":{"line":277,"column":3}},"line":262},"22":{"name":"(anonymous_22)","decl":{"start":{"line":267,"column":67},"end":{"line":267,"column":68}},"loc":{"start":{"line":267,"column":74},"end":{"line":271,"column":9}},"line":267},"23":{"name":"(anonymous_23)","decl":{"start":{"line":279,"column":2},"end":{"line":279,"column":3}},"loc":{"start":{"line":279,"column":38},"end":{"line":287,"column":3}},"line":279},"24":{"name":"(anonymous_24)","decl":{"start":{"line":289,"column":2},"end":{"line":289,"column":3}},"loc":{"start":{"line":289,"column":29},"end":{"line":295,"column":3}},"line":289},"25":{"name":"(anonymous_25)","decl":{"start":{"line":297,"column":2},"end":{"line":297,"column":3}},"loc":{"start":{"line":297,"column":21},"end":{"line":300,"column":3}},"line":297},"26":{"name":"(anonymous_26)","decl":{"start":{"line":302,"column":2},"end":{"line":302,"column":3}},"loc":{"start":{"line":302,"column":15},"end":{"line":306,"column":3}},"line":302},"27":{"name":"(anonymous_27)","decl":{"start":{"line":308,"column":2},"end":{"line":308,"column":3}},"loc":{"start":{"line":308,"column":21},"end":{"line":310,"column":3}},"line":308},"28":{"name":"(anonymous_28)","decl":{"start":{"line":312,"column":2},"end":{"line":312,"column":3}},"loc":{"start":{"line":312,"column":22},"end":{"line":322,"column":3}},"line":312},"29":{"name":"(anonymous_29)","decl":{"start":{"line":325,"column":2},"end":{"line":325,"column":3}},"loc":{"start":{"line":325,"column":31},"end":{"line":354,"column":3}},"line":325},"30":{"name":"(anonymous_30)","decl":{"start":{"line":356,"column":2},"end":{"line":356,"column":3}},"loc":{"start":{"line":356,"column":42},"end":{"line":371,"column":3}},"line":356},"31":{"name":"(anonymous_31)","decl":{"start":{"line":373,"column":2},"end":{"line":373,"column":3}},"loc":{"start":{"line":373,"column":17},"end":{"line":375,"column":3}},"line":373},"32":{"name":"(anonymous_32)","decl":{"start":{"line":377,"column":2},"end":{"line":377,"column":3}},"loc":{"start":{"line":377,"column":10},"end":{"line":383,"column":3}},"line":377}},"branchMap":{"0":{"loc":{"start":{"line":11,"column":24},"end":{"line":11,"column":41}},"type":"default-arg","locations":[{"start":{"line":11,"column":39},"end":{"line":11,"column":41}}],"line":11},"1":{"loc":{"start":{"line":11,"column":43},"end":{"line":11,"column":56}},"type":"default-arg","locations":[{"start":{"line":11,"column":51},"end":{"line":11,"column":56}}],"line":11},"2":{"loc":{"start":{"line":69,"column":4},"end":{"line":69,"column":44}},"type":"if","locations":[{"start":{"line":69,"column":4},"end":{"line":69,"column":44}},{"start":{"line":69,"column":4},"end":{"line":69,"column":44}}],"line":69},"3":{"loc":{"start":{"line":69,"column":8},"end":{"line":69,"column":35}},"type":"binary-expr","locations":[{"start":{"line":69,"column":8},"end":{"line":69,"column":25}},{"start":{"line":69,"column":29},"end":{"line":69,"column":35}}],"line":69},"4":{"loc":{"start":{"line":106,"column":6},"end":{"line":108,"column":7}},"type":"if","locations":[{"start":{"line":106,"column":6},"end":{"line":108,"column":7}},{"start":{"line":106,"column":6},"end":{"line":108,"column":7}}],"line":106},"5":{"loc":{"start":{"line":109,"column":6},"end":{"line":113,"column":7}},"type":"if","locations":[{"start":{"line":109,"column":6},"end":{"line":113,"column":7}},{"start":{"line":109,"column":6},"end":{"line":113,"column":7}}],"line":109},"6":{"loc":{"start":{"line":114,"column":24},"end":{"line":114,"column":51}},"type":"binary-expr","locations":[{"start":{"line":114,"column":24},"end":{"line":114,"column":45}},{"start":{"line":114,"column":49},"end":{"line":114,"column":51}}],"line":114},"7":{"loc":{"start":{"line":118,"column":6},"end":{"line":122,"column":7}},"type":"if","locations":[{"start":{"line":118,"column":6},"end":{"line":122,"column":7}},{"start":{"line":118,"column":6},"end":{"line":122,"column":7}}],"line":118},"8":{"loc":{"start":{"line":133,"column":11},"end":{"line":133,"column":66}},"type":"cond-expr","locations":[{"start":{"line":133,"column":28},"end":{"line":133,"column":57}},{"start":{"line":133,"column":60},"end":{"line":133,"column":66}}],"line":133},"9":{"loc":{"start":{"line":137,"column":4},"end":{"line":137,"column":49}},"type":"if","locations":[{"start":{"line":137,"column":4},"end":{"line":137,"column":49}},{"start":{"line":137,"column":4},"end":{"line":137,"column":49}}],"line":137},"10":{"loc":{"start":{"line":143,"column":4},"end":{"line":155,"column":5}},"type":"if","locations":[{"start":{"line":143,"column":4},"end":{"line":155,"column":5}},{"start":{"line":143,"column":4},"end":{"line":155,"column":5}}],"line":143},"11":{"loc":{"start":{"line":149,"column":10},"end":{"line":151,"column":11}},"type":"if","locations":[{"start":{"line":149,"column":10},"end":{"line":151,"column":11}},{"start":{"line":149,"column":10},"end":{"line":151,"column":11}}],"line":149},"12":{"loc":{"start":{"line":159,"column":4},"end":{"line":165,"column":5}},"type":"if","locations":[{"start":{"line":159,"column":4},"end":{"line":165,"column":5}},{"start":{"line":159,"column":4},"end":{"line":165,"column":5}}],"line":159},"13":{"loc":{"start":{"line":160,"column":6},"end":{"line":164,"column":7}},"type":"if","locations":[{"start":{"line":160,"column":6},"end":{"line":164,"column":7}},{"start":{"line":160,"column":6},"end":{"line":164,"column":7}}],"line":160},"14":{"loc":{"start":{"line":174,"column":27},"end":{"line":174,"column":37}},"type":"binary-expr","locations":[{"start":{"line":174,"column":27},"end":{"line":174,"column":31}},{"start":{"line":174,"column":35},"end":{"line":174,"column":37}}],"line":174},"15":{"loc":{"start":{"line":180,"column":4},"end":{"line":180,"column":27}},"type":"if","locations":[{"start":{"line":180,"column":4},"end":{"line":180,"column":27}},{"start":{"line":180,"column":4},"end":{"line":180,"column":27}}],"line":180},"16":{"loc":{"start":{"line":183,"column":4},"end":{"line":198,"column":5}},"type":"if","locations":[{"start":{"line":183,"column":4},"end":{"line":198,"column":5}},{"start":{"line":183,"column":4},"end":{"line":198,"column":5}}],"line":183},"17":{"loc":{"start":{"line":183,"column":8},"end":{"line":183,"column":31}},"type":"binary-expr","locations":[{"start":{"line":183,"column":8},"end":{"line":183,"column":19}},{"start":{"line":183,"column":23},"end":{"line":183,"column":31}}],"line":183},"18":{"loc":{"start":{"line":184,"column":6},"end":{"line":186,"column":7}},"type":"if","locations":[{"start":{"line":184,"column":6},"end":{"line":186,"column":7}},{"start":{"line":184,"column":6},"end":{"line":186,"column":7}}],"line":184},"19":{"loc":{"start":{"line":190,"column":6},"end":{"line":192,"column":7}},"type":"if","locations":[{"start":{"line":190,"column":6},"end":{"line":192,"column":7}},{"start":{"line":190,"column":6},"end":{"line":192,"column":7}}],"line":190},"20":{"loc":{"start":{"line":211,"column":6},"end":{"line":215,"column":11}},"type":"binary-expr","locations":[{"start":{"line":211,"column":7},"end":{"line":211,"column":16}},{"start":{"line":212,"column":8},"end":{"line":212,"column":26}},{"start":{"line":213,"column":8},"end":{"line":213,"column":32}},{"start":{"line":214,"column":8},"end":{"line":214,"column":39}},{"start":{"line":215,"column":6},"end":{"line":215,"column":11}}],"line":211},"21":{"loc":{"start":{"line":220,"column":4},"end":{"line":222,"column":5}},"type":"if","locations":[{"start":{"line":220,"column":4},"end":{"line":222,"column":5}},{"start":{"line":220,"column":4},"end":{"line":222,"column":5}}],"line":220},"22":{"loc":{"start":{"line":220,"column":8},"end":{"line":220,"column":67}},"type":"binary-expr","locations":[{"start":{"line":220,"column":8},"end":{"line":220,"column":17}},{"start":{"line":220,"column":21},"end":{"line":220,"column":39}},{"start":{"line":220,"column":43},"end":{"line":220,"column":67}}],"line":220},"23":{"loc":{"start":{"line":226,"column":4},"end":{"line":233,"column":5}},"type":"if","locations":[{"start":{"line":226,"column":4},"end":{"line":233,"column":5}},{"start":{"line":226,"column":4},"end":{"line":233,"column":5}}],"line":226},"24":{"loc":{"start":{"line":228,"column":6},"end":{"line":230,"column":7}},"type":"if","locations":[{"start":{"line":228,"column":6},"end":{"line":230,"column":7}},{"start":{"line":228,"column":6},"end":{"line":230,"column":7}}],"line":228},"25":{"loc":{"start":{"line":231,"column":22},"end":{"line":231,"column":54}},"type":"binary-expr","locations":[{"start":{"line":231,"column":22},"end":{"line":231,"column":37}},{"start":{"line":231,"column":41},"end":{"line":231,"column":54}}],"line":231},"26":{"loc":{"start":{"line":238,"column":30},"end":{"line":238,"column":68}},"type":"default-arg","locations":[{"start":{"line":238,"column":40},"end":{"line":238,"column":68}}],"line":238},"27":{"loc":{"start":{"line":239,"column":14},"end":{"line":241,"column":43}},"type":"cond-expr","locations":[{"start":{"line":240,"column":8},"end":{"line":240,"column":12}},{"start":{"line":241,"column":8},"end":{"line":241,"column":43}}],"line":239},"28":{"loc":{"start":{"line":242,"column":4},"end":{"line":249,"column":5}},"type":"if","locations":[{"start":{"line":242,"column":4},"end":{"line":249,"column":5}},{"start":{"line":242,"column":4},"end":{"line":249,"column":5}}],"line":242},"29":{"loc":{"start":{"line":255,"column":11},"end":{"line":255,"column":50}},"type":"binary-expr","locations":[{"start":{"line":255,"column":11},"end":{"line":255,"column":29}},{"start":{"line":255,"column":33},"end":{"line":255,"column":50}}],"line":255},"30":{"loc":{"start":{"line":265,"column":6},"end":{"line":265,"column":68}},"type":"if","locations":[{"start":{"line":265,"column":6},"end":{"line":265,"column":68}},{"start":{"line":265,"column":6},"end":{"line":265,"column":68}}],"line":265},"31":{"loc":{"start":{"line":266,"column":6},"end":{"line":274,"column":7}},"type":"if","locations":[{"start":{"line":266,"column":6},"end":{"line":274,"column":7}},{"start":{"line":266,"column":6},"end":{"line":274,"column":7}}],"line":266},"32":{"loc":{"start":{"line":267,"column":35},"end":{"line":267,"column":61}},"type":"binary-expr","locations":[{"start":{"line":267,"column":35},"end":{"line":267,"column":55}},{"start":{"line":267,"column":59},"end":{"line":267,"column":61}}],"line":267},"33":{"loc":{"start":{"line":279,"column":21},"end":{"line":279,"column":36}},"type":"default-arg","locations":[{"start":{"line":279,"column":32},"end":{"line":279,"column":36}}],"line":279},"34":{"loc":{"start":{"line":283,"column":4},"end":{"line":285,"column":5}},"type":"if","locations":[{"start":{"line":283,"column":4},"end":{"line":285,"column":5}},{"start":{"line":283,"column":4},"end":{"line":285,"column":5}}],"line":283},"35":{"loc":{"start":{"line":314,"column":4},"end":{"line":321,"column":5}},"type":"if","locations":[{"start":{"line":314,"column":4},"end":{"line":321,"column":5}},{"start":{"line":314,"column":4},"end":{"line":321,"column":5}}],"line":314},"36":{"loc":{"start":{"line":326,"column":4},"end":{"line":331,"column":5}},"type":"if","locations":[{"start":{"line":326,"column":4},"end":{"line":331,"column":5}},{"start":{"line":326,"column":4},"end":{"line":331,"column":5}}],"line":326},"37":{"loc":{"start":{"line":342,"column":4},"end":{"line":351,"column":5}},"type":"if","locations":[{"start":{"line":342,"column":4},"end":{"line":351,"column":5}},{"start":{"line":342,"column":4},"end":{"line":351,"column":5}}],"line":342},"38":{"loc":{"start":{"line":366,"column":4},"end":{"line":368,"column":5}},"type":"if","locations":[{"start":{"line":366,"column":4},"end":{"line":368,"column":5}},{"start":{"line":366,"column":4},"end":{"line":368,"column":5}}],"line":366},"39":{"loc":{"start":{"line":374,"column":11},"end":{"line":374,"column":38}},"type":"binary-expr","locations":[{"start":{"line":374,"column":11},"end":{"line":374,"column":32}},{"start":{"line":374,"column":36},"end":{"line":374,"column":38}}],"line":374},"40":{"loc":{"start":{"line":380,"column":4},"end":{"line":382,"column":5}},"type":"if","locations":[{"start":{"line":380,"column":4},"end":{"line":382,"column":5}},{"start":{"line":380,"column":4},"end":{"line":382,"column":5}}],"line":380}},"s":{"0":1,"1":1,"2":1,"3":1,"4":0,"5":0,"6":0,"7":0,"8":0,"9":0,"10":9,"11":8,"12":1,"13":1,"14":1,"15":1,"16":1,"17":1,"18":1,"19":1,"20":1,"21":1,"22":1,"23":1,"24":1,"25":1,"26":9,"27":10,"28":101,"29":101,"30":0,"31":101,"32":0,"33":101,"34":310,"35":101,"36":101,"37":0,"38":101,"39":8,"40":8,"41":85,"42":8,"43":0,"44":0,"45":0,"46":0,"47":0,"48":0,"49":0,"50":0,"51":0,"52":0,"53":0,"54":0,"55":0,"56":0,"57":0,"58":0,"59":0,"60":6,"61":0,"62":6,"63":6,"64":4,"65":6,"66":6,"67":1,"68":6,"69":3,"70":7,"71":7,"72":0,"73":0,"74":9,"75":2,"76":675,"77":13,"78":13,"79":0,"80":13,"81":13,"82":675,"83":9,"84":9,"85":7,"86":7,"87":6,"88":8,"89":58,"90":58,"91":3,"92":0,"93":0,"94":0,"95":0,"96":0,"97":0,"98":0,"99":0,"100":0,"101":0,"102":0,"103":0,"104":0,"105":0,"106":0,"107":0,"108":0,"109":0,"110":0,"111":0,"112":0,"113":0,"114":0,"115":0,"116":51,"117":51,"118":51,"119":16,"120":0,"121":0,"122":0,"123":0,"124":0,"125":0,"126":9,"127":9,"128":9,"129":0,"130":0,"131":0,"132":0,"133":0,"134":0,"135":0,"136":0,"137":0,"138":0,"139":0,"140":1,"141":1,"142":0},"f":{"0":0,"1":9,"2":1,"3":1,"4":9,"5":10,"6":310,"7":8,"8":0,"9":0,"10":0,"11":0,"12":6,"13":3,"14":7,"15":0,"16":9,"17":675,"18":9,"19":58,"20":3,"21":0,"22":0,"23":0,"24":0,"25":0,"26":51,"27":16,"28":0,"29":9,"30":0,"31":0,"32":1},"b":{"0":[0],"1":[0],"2":[8,1],"3":[9,8],"4":[0,101],"5":[0,101],"6":[101,0],"7":[0,101],"8":[8,0],"9":[0,0],"10":[0,0],"11":[0,0],"12":[0,0],"13":[0,0],"14":[0,0],"15":[0,6],"16":[6,0],"17":[6,6],"18":[4,2],"19":[1,5],"20":[0,0,0,0,0],"21":[2,7],"22":[9,9,4],"23":[13,662],"24":[0,13],"25":[13,13],"26":[9],"27":[0,9],"28":[7,2],"29":[58,55],"30":[0,0],"31":[0,0],"32":[0,0],"33":[0],"34":[0,0],"35":[0,0],"36":[9,0],"37":[0,0],"38":[0,0],"39":[0,0],"40":[0,1]},"_coverageSchema":"1a1c01bbd47fc00a2c39e90264f33305004495a9","hash":"ca0a2bcc339f3011da70f019bc4e6e7f910a8e9e","contentHash":"c0cf86b0fc72ca2a3add19908e6e1261e568b07b839e31c80dfdc268321c3038"},"/Users/abizeyimanavictor/Documents/www/frappe-backend/utils/observable.js":{"path":"/Users/abizeyimanavictor/Documents/www/frappe-backend/utils/observable.js","statementMap":{"0":{"start":{"line":1,"column":0},"end":{"line":134,"column":2}},"1":{"start":{"line":3,"column":4},"end":{"line":8,"column":6}},"2":{"start":{"line":13,"column":4},"end":{"line":13,"column":21}},"3":{"start":{"line":17,"column":4},"end":{"line":17,"column":22}},"4":{"start":{"line":18,"column":4},"end":{"line":21,"column":7}},"5":{"start":{"line":25,"column":4},"end":{"line":25,"column":52}},"6":{"start":{"line":26,"column":4},"end":{"line":28,"column":5}},"7":{"start":{"line":27,"column":6},"end":{"line":27,"column":56}},"8":{"start":{"line":33,"column":4},"end":{"line":40,"column":5}},"9":{"start":{"line":35,"column":8},"end":{"line":36,"column":55}},"10":{"start":{"line":37,"column":6},"end":{"line":39,"column":7}},"11":{"start":{"line":38,"column":8},"end":{"line":38,"column":55}},"12":{"start":{"line":44,"column":4},"end":{"line":44,"column":56}},"13":{"start":{"line":48,"column":4},"end":{"line":51,"column":5}},"14":{"start":{"line":49,"column":6},"end":{"line":49,"column":59}},"15":{"start":{"line":49,"column":52},"end":{"line":49,"column":59}},"16":{"start":{"line":50,"column":6},"end":{"line":50,"column":24}},"17":{"start":{"line":53,"column":4},"end":{"line":53,"column":47}},"18":{"start":{"line":57,"column":19},"end":{"line":57,"column":71}},"19":{"start":{"line":58,"column":4},"end":{"line":58,"column":41}},"20":{"start":{"line":58,"column":28},"end":{"line":58,"column":41}},"21":{"start":{"line":60,"column":4},"end":{"line":60,"column":72}},"22":{"start":{"line":61,"column":4},"end":{"line":61,"column":41}},"23":{"start":{"line":61,"column":28},"end":{"line":61,"column":41}},"24":{"start":{"line":64,"column":4},"end":{"line":66,"column":5}},"25":{"start":{"line":65,"column":6},"end":{"line":65,"column":56}},"26":{"start":{"line":69,"column":4},"end":{"line":74,"column":5}},"27":{"start":{"line":73,"column":6},"end":{"line":73,"column":51}},"28":{"start":{"line":78,"column":4},"end":{"line":78,"column":36}},"29":{"start":{"line":79,"column":4},"end":{"line":79,"column":40}},"30":{"start":{"line":84,"column":4},"end":{"line":84,"column":43}},"31":{"start":{"line":88,"column":4},"end":{"line":88,"column":47}},"32":{"start":{"line":90,"column":4},"end":{"line":90,"column":43}},"33":{"start":{"line":94,"column":4},"end":{"line":102,"column":5}},"34":{"start":{"line":96,"column":6},"end":{"line":97,"column":48}},"35":{"start":{"line":97,"column":8},"end":{"line":97,"column":48}},"36":{"start":{"line":98,"column":6},"end":{"line":98,"column":54}},"37":{"start":{"line":101,"column":6},"end":{"line":101,"column":18}},"38":{"start":{"line":103,"column":4},"end":{"line":103,"column":41}},"39":{"start":{"line":106,"column":4},"end":{"line":115,"column":17}},"40":{"start":{"line":107,"column":6},"end":{"line":107,"column":44}},"41":{"start":{"line":110,"column":6},"end":{"line":114,"column":7}},"42":{"start":{"line":111,"column":28},"end":{"line":111,"column":62}},"43":{"start":{"line":112,"column":8},"end":{"line":112,"column":50}},"44":{"start":{"line":113,"column":8},"end":{"line":113,"column":52}},"45":{"start":{"line":117,"column":4},"end":{"line":117,"column":17}},"46":{"start":{"line":121,"column":4},"end":{"line":123,"column":5}},"47":{"start":{"line":122,"column":6},"end":{"line":122,"column":41}},"48":{"start":{"line":124,"column":4},"end":{"line":124,"column":49}},"49":{"start":{"line":128,"column":4},"end":{"line":132,"column":5}},"50":{"start":{"line":129,"column":6},"end":{"line":131,"column":7}},"51":{"start":{"line":130,"column":8},"end":{"line":130,"column":31}}},"fnMap":{"0":{"name":"(anonymous_0)","decl":{"start":{"line":2,"column":2},"end":{"line":2,"column":3}},"loc":{"start":{"line":2,"column":16},"end":{"line":9,"column":3}},"line":2},"1":{"name":"(anonymous_1)","decl":{"start":{"line":12,"column":2},"end":{"line":12,"column":3}},"loc":{"start":{"line":12,"column":11},"end":{"line":14,"column":3}},"line":12},"2":{"name":"(anonymous_2)","decl":{"start":{"line":16,"column":2},"end":{"line":16,"column":3}},"loc":{"start":{"line":16,"column":18},"end":{"line":22,"column":3}},"line":16},"3":{"name":"(anonymous_3)","decl":{"start":{"line":24,"column":2},"end":{"line":24,"column":3}},"loc":{"start":{"line":24,"column":22},"end":{"line":29,"column":3}},"line":24},"4":{"name":"(anonymous_4)","decl":{"start":{"line":32,"column":2},"end":{"line":32,"column":3}},"loc":{"start":{"line":32,"column":23},"end":{"line":41,"column":3}},"line":32},"5":{"name":"(anonymous_5)","decl":{"start":{"line":43,"column":2},"end":{"line":43,"column":3}},"loc":{"start":{"line":43,"column":24},"end":{"line":45,"column":3}},"line":43},"6":{"name":"(anonymous_6)","decl":{"start":{"line":47,"column":2},"end":{"line":47,"column":3}},"loc":{"start":{"line":47,"column":49},"end":{"line":54,"column":3}},"line":47},"7":{"name":"(anonymous_7)","decl":{"start":{"line":56,"column":2},"end":{"line":56,"column":3}},"loc":{"start":{"line":56,"column":40},"end":{"line":75,"column":3}},"line":56},"8":{"name":"(anonymous_8)","decl":{"start":{"line":77,"column":2},"end":{"line":77,"column":3}},"loc":{"start":{"line":77,"column":19},"end":{"line":80,"column":3}},"line":77},"9":{"name":"(anonymous_9)","decl":{"start":{"line":82,"column":2},"end":{"line":82,"column":3}},"loc":{"start":{"line":82,"column":27},"end":{"line":85,"column":3}},"line":82},"10":{"name":"(anonymous_10)","decl":{"start":{"line":87,"column":2},"end":{"line":87,"column":3}},"loc":{"start":{"line":87,"column":27},"end":{"line":91,"column":3}},"line":87},"11":{"name":"(anonymous_11)","decl":{"start":{"line":93,"column":2},"end":{"line":93,"column":3}},"loc":{"start":{"line":93,"column":38},"end":{"line":118,"column":3}},"line":93},"12":{"name":"(anonymous_12)","decl":{"start":{"line":106,"column":15},"end":{"line":106,"column":16}},"loc":{"start":{"line":106,"column":21},"end":{"line":115,"column":5}},"line":106},"13":{"name":"(anonymous_13)","decl":{"start":{"line":120,"column":2},"end":{"line":120,"column":3}},"loc":{"start":{"line":120,"column":38},"end":{"line":125,"column":3}},"line":120},"14":{"name":"(anonymous_14)","decl":{"start":{"line":127,"column":2},"end":{"line":127,"column":3}},"loc":{"start":{"line":127,"column":43},"end":{"line":133,"column":3}},"line":127}},"branchMap":{"0":{"loc":{"start":{"line":26,"column":4},"end":{"line":28,"column":5}},"type":"if","locations":[{"start":{"line":26,"column":4},"end":{"line":28,"column":5}},{"start":{"line":26,"column":4},"end":{"line":28,"column":5}}],"line":26},"1":{"loc":{"start":{"line":35,"column":8},"end":{"line":36,"column":55}},"type":"binary-expr","locations":[{"start":{"line":35,"column":8},"end":{"line":35,"column":37}},{"start":{"line":36,"column":8},"end":{"line":36,"column":55}}],"line":35},"2":{"loc":{"start":{"line":37,"column":6},"end":{"line":39,"column":7}},"type":"if","locations":[{"start":{"line":37,"column":6},"end":{"line":39,"column":7}},{"start":{"line":37,"column":6},"end":{"line":39,"column":7}}],"line":37},"3":{"loc":{"start":{"line":47,"column":31},"end":{"line":47,"column":47}},"type":"default-arg","locations":[{"start":{"line":47,"column":42},"end":{"line":47,"column":47}}],"line":47},"4":{"loc":{"start":{"line":48,"column":4},"end":{"line":51,"column":5}},"type":"if","locations":[{"start":{"line":48,"column":4},"end":{"line":51,"column":5}},{"start":{"line":48,"column":4},"end":{"line":51,"column":5}}],"line":48},"5":{"loc":{"start":{"line":49,"column":6},"end":{"line":49,"column":59}},"type":"if","locations":[{"start":{"line":49,"column":6},"end":{"line":49,"column":59}},{"start":{"line":49,"column":6},"end":{"line":49,"column":59}}],"line":49},"6":{"loc":{"start":{"line":58,"column":4},"end":{"line":58,"column":41}},"type":"if","locations":[{"start":{"line":58,"column":4},"end":{"line":58,"column":41}},{"start":{"line":58,"column":4},"end":{"line":58,"column":41}}],"line":58},"7":{"loc":{"start":{"line":61,"column":4},"end":{"line":61,"column":41}},"type":"if","locations":[{"start":{"line":61,"column":4},"end":{"line":61,"column":41}},{"start":{"line":61,"column":4},"end":{"line":61,"column":41}}],"line":61},"8":{"loc":{"start":{"line":64,"column":4},"end":{"line":66,"column":5}},"type":"if","locations":[{"start":{"line":64,"column":4},"end":{"line":66,"column":5}},{"start":{"line":64,"column":4},"end":{"line":66,"column":5}}],"line":64},"9":{"loc":{"start":{"line":69,"column":4},"end":{"line":74,"column":5}},"type":"if","locations":[{"start":{"line":69,"column":4},"end":{"line":74,"column":5}},{"start":{"line":69,"column":4},"end":{"line":74,"column":5}}],"line":69},"10":{"loc":{"start":{"line":70,"column":6},"end":{"line":71,"column":43}},"type":"binary-expr","locations":[{"start":{"line":70,"column":6},"end":{"line":70,"column":36}},{"start":{"line":71,"column":6},"end":{"line":71,"column":43}}],"line":70},"11":{"loc":{"start":{"line":94,"column":4},"end":{"line":102,"column":5}},"type":"if","locations":[{"start":{"line":94,"column":4},"end":{"line":102,"column":5}},{"start":{"line":94,"column":4},"end":{"line":102,"column":5}}],"line":94},"12":{"loc":{"start":{"line":96,"column":6},"end":{"line":97,"column":48}},"type":"if","locations":[{"start":{"line":96,"column":6},"end":{"line":97,"column":48}},{"start":{"line":96,"column":6},"end":{"line":97,"column":48}}],"line":96},"13":{"loc":{"start":{"line":110,"column":6},"end":{"line":114,"column":7}},"type":"if","locations":[{"start":{"line":110,"column":6},"end":{"line":114,"column":7}},{"start":{"line":110,"column":6},"end":{"line":114,"column":7}}],"line":110},"14":{"loc":{"start":{"line":121,"column":4},"end":{"line":123,"column":5}},"type":"if","locations":[{"start":{"line":121,"column":4},"end":{"line":123,"column":5}},{"start":{"line":121,"column":4},"end":{"line":123,"column":5}}],"line":121},"15":{"loc":{"start":{"line":128,"column":4},"end":{"line":132,"column":5}},"type":"if","locations":[{"start":{"line":128,"column":4},"end":{"line":132,"column":5}},{"start":{"line":128,"column":4},"end":{"line":132,"column":5}}],"line":128}},"s":{"0":1,"1":92,"2":190,"3":0,"4":0,"5":6,"6":6,"7":0,"8":0,"9":0,"10":0,"11":0,"12":0,"13":425,"14":100,"15":89,"16":11,"17":336,"18":344,"19":344,"20":0,"21":344,"22":344,"23":0,"24":344,"25":0,"26":344,"27":0,"28":0,"29":0,"30":0,"31":0,"32":0,"33":100,"34":89,"35":11,"36":89,"37":89,"38":11,"39":11,"40":8,"41":8,"42":8,"43":8,"44":8,"45":11,"46":6,"47":6,"48":6,"49":688,"50":3,"51":3},"f":{"0":92,"1":190,"2":0,"3":6,"4":0,"5":0,"6":425,"7":344,"8":0,"9":0,"10":0,"11":100,"12":8,"13":6,"14":688},"b":{"0":[0,6],"1":[0,0],"2":[0,0],"3":[325],"4":[100,325],"5":[89,11],"6":[0,344],"7":[0,344],"8":[0,344],"9":[0,344],"10":[344,344],"11":[89,11],"12":[11,78],"13":[8,0],"14":[6,0],"15":[3,685]},"_coverageSchema":"1a1c01bbd47fc00a2c39e90264f33305004495a9","hash":"3c5b88f22a8608266f91954c4544f09df4c560d7","contentHash":"6b6b85698a7f86abdc78025f0eda44b1c8b9b89df3f3d0b31953877134e53c22"},"/Users/abizeyimanavictor/Documents/www/frappe-backend/utils/translation.js":{"path":"/Users/abizeyimanavictor/Documents/www/frappe-backend/utils/translation.js","statementMap":{"0":{"start":{"line":1,"column":23},"end":{"line":1,"column":50}},"1":{"start":{"line":5,"column":2},"end":{"line":5,"column":19}},"2":{"start":{"line":9,"column":2},"end":{"line":9,"column":25}},"3":{"start":{"line":13,"column":2},"end":{"line":13,"column":25}},"4":{"start":{"line":14,"column":2},"end":{"line":14,"column":14}},"5":{"start":{"line":18,"column":21},"end":{"line":18,"column":53}},"6":{"start":{"line":19,"column":19},"end":{"line":19,"column":51}},"7":{"start":{"line":20,"column":2},"end":{"line":20,"column":48}},"8":{"start":{"line":23,"column":2},"end":{"line":23,"column":41}},"9":{"start":{"line":27,"column":2},"end":{"line":27,"column":19}},"10":{"start":{"line":31,"column":2},"end":{"line":37,"column":3}},"11":{"start":{"line":32,"column":3},"end":{"line":36,"column":5}},"12":{"start":{"line":39,"column":18},"end":{"line":39,"column":30}},"13":{"start":{"line":40,"column":18},"end":{"line":40,"column":36}},"14":{"start":{"line":41,"column":2},"end":{"line":45,"column":11}},"15":{"start":{"line":42,"column":18},"end":{"line":42,"column":66}},"16":{"start":{"line":49,"column":2},"end":{"line":49,"column":24}},"17":{"start":{"line":53,"column":2},"end":{"line":53,"column":24}},"18":{"start":{"line":57,"column":2},"end":{"line":57,"column":24}},"19":{"start":{"line":69,"column":0},"end":{"line":76,"column":2}},"20":{"start":{"line":71,"column":2},"end":{"line":71,"column":40}},"21":{"start":{"line":74,"column":2},"end":{"line":74,"column":42}}},"fnMap":{"0":{"name":"(anonymous_0)","decl":{"start":{"line":4,"column":1},"end":{"line":4,"column":2}},"loc":{"start":{"line":4,"column":22},"end":{"line":6,"column":2}},"line":4},"1":{"name":"(anonymous_1)","decl":{"start":{"line":8,"column":1},"end":{"line":8,"column":2}},"loc":{"start":{"line":8,"column":9},"end":{"line":10,"column":2}},"line":8},"2":{"name":"(anonymous_2)","decl":{"start":{"line":12,"column":1},"end":{"line":12,"column":2}},"loc":{"start":{"line":12,"column":14},"end":{"line":15,"column":2}},"line":12},"3":{"name":"(anonymous_3)","decl":{"start":{"line":42,"column":8},"end":{"line":42,"column":9}},"loc":{"start":{"line":42,"column":18},"end":{"line":42,"column":66}},"line":42},"4":{"name":"(anonymous_4)","decl":{"start":{"line":48,"column":1},"end":{"line":48,"column":2}},"loc":{"start":{"line":48,"column":12},"end":{"line":50,"column":2}},"line":48},"5":{"name":"(anonymous_5)","decl":{"start":{"line":52,"column":1},"end":{"line":52,"column":2}},"loc":{"start":{"line":52,"column":10},"end":{"line":54,"column":2}},"line":52},"6":{"name":"(anonymous_6)","decl":{"start":{"line":56,"column":1},"end":{"line":56,"column":2}},"loc":{"start":{"line":56,"column":11},"end":{"line":58,"column":2}},"line":56},"7":{"name":"(anonymous_7)","decl":{"start":{"line":70,"column":4},"end":{"line":70,"column":5}},"loc":{"start":{"line":70,"column":23},"end":{"line":72,"column":2}},"line":70},"8":{"name":"(anonymous_8)","decl":{"start":{"line":73,"column":4},"end":{"line":73,"column":5}},"loc":{"start":{"line":73,"column":23},"end":{"line":75,"column":2}},"line":73}},"branchMap":{"0":{"loc":{"start":{"line":18,"column":21},"end":{"line":18,"column":53}},"type":"binary-expr","locations":[{"start":{"line":18,"column":21},"end":{"line":18,"column":47}},{"start":{"line":18,"column":51},"end":{"line":18,"column":53}}],"line":18},"1":{"loc":{"start":{"line":19,"column":19},"end":{"line":19,"column":51}},"type":"binary-expr","locations":[{"start":{"line":19,"column":19},"end":{"line":19,"column":45}},{"start":{"line":19,"column":49},"end":{"line":19,"column":51}}],"line":19},"2":{"loc":{"start":{"line":27,"column":9},"end":{"line":27,"column":18}},"type":"binary-expr","locations":[{"start":{"line":27,"column":9},"end":{"line":27,"column":12}},{"start":{"line":27,"column":16},"end":{"line":27,"column":18}}],"line":27},"3":{"loc":{"start":{"line":31,"column":2},"end":{"line":37,"column":3}},"type":"if","locations":[{"start":{"line":31,"column":2},"end":{"line":37,"column":3}},{"start":{"line":31,"column":2},"end":{"line":37,"column":3}}],"line":31}},"s":{"0":1,"1":49,"2":49,"3":0,"4":0,"5":49,"6":49,"7":49,"8":49,"9":49,"10":49,"11":0,"12":49,"13":49,"14":49,"15":49,"16":49,"17":0,"18":0,"19":1,"20":0,"21":49},"f":{"0":49,"1":49,"2":0,"3":49,"4":49,"5":0,"6":0,"7":0,"8":49},"b":{"0":[49,49],"1":[49,49],"2":[49,49],"3":[0,49]},"_coverageSchema":"1a1c01bbd47fc00a2c39e90264f33305004495a9","hash":"68b0ee101afbb062b4a545570b03897899c063fb","contentHash":"ec748f5d4eb845694968d4fcaf258475a2a7fcf8d84870d0fba870ec648ff8b4"},"/Users/abizeyimanavictor/Documents/www/frappe-backend/common/errors.js":{"path":"/Users/abizeyimanavictor/Documents/www/frappe-backend/common/errors.js","statementMap":{"0":{"start":{"line":1,"column":15},"end":{"line":1,"column":40}},"1":{"start":{"line":5,"column":2},"end":{"line":5,"column":17}},"2":{"start":{"line":6,"column":2},"end":{"line":6,"column":26}},"3":{"start":{"line":7,"column":2},"end":{"line":7,"column":31}},"4":{"start":{"line":8,"column":2},"end":{"line":8,"column":25}},"5":{"start":{"line":14,"column":2},"end":{"line":14,"column":22}},"6":{"start":{"line":15,"column":2},"end":{"line":15,"column":32}},"7":{"start":{"line":21,"column":2},"end":{"line":21,"column":22}},"8":{"start":{"line":22,"column":2},"end":{"line":22,"column":30}},"9":{"start":{"line":28,"column":2},"end":{"line":28,"column":22}},"10":{"start":{"line":29,"column":2},"end":{"line":29,"column":31}},"11":{"start":{"line":35,"column":2},"end":{"line":35,"column":17}},"12":{"start":{"line":36,"column":2},"end":{"line":36,"column":36}},"13":{"start":{"line":42,"column":2},"end":{"line":42,"column":17}},"14":{"start":{"line":43,"column":2},"end":{"line":43,"column":36}},"15":{"start":{"line":49,"column":2},"end":{"line":49,"column":17}},"16":{"start":{"line":50,"column":2},"end":{"line":50,"column":31}},"17":{"start":{"line":56,"column":2},"end":{"line":56,"column":22}},"18":{"start":{"line":57,"column":2},"end":{"line":57,"column":30}},"19":{"start":{"line":63,"column":2},"end":{"line":63,"column":17}},"20":{"start":{"line":64,"column":2},"end":{"line":64,"column":34}},"21":{"start":{"line":73,"column":20},"end":{"line":79,"column":2}},"22":{"start":{"line":80,"column":13},"end":{"line":80,"column":43}},"23":{"start":{"line":81,"column":1},"end":{"line":81,"column":68}},"24":{"start":{"line":82,"column":1},"end":{"line":82,"column":11}},"25":{"start":{"line":85,"column":0},"end":{"line":85,"column":26}},"26":{"start":{"line":87,"column":0},"end":{"line":101,"column":2}}},"fnMap":{"0":{"name":"(anonymous_0)","decl":{"start":{"line":4,"column":1},"end":{"line":4,"column":2}},"loc":{"start":{"line":4,"column":34},"end":{"line":9,"column":2}},"line":4},"1":{"name":"(anonymous_1)","decl":{"start":{"line":13,"column":1},"end":{"line":13,"column":2}},"loc":{"start":{"line":13,"column":22},"end":{"line":16,"column":2}},"line":13},"2":{"name":"(anonymous_2)","decl":{"start":{"line":20,"column":1},"end":{"line":20,"column":2}},"loc":{"start":{"line":20,"column":22},"end":{"line":23,"column":2}},"line":20},"3":{"name":"(anonymous_3)","decl":{"start":{"line":27,"column":1},"end":{"line":27,"column":2}},"loc":{"start":{"line":27,"column":22},"end":{"line":30,"column":2}},"line":27},"4":{"name":"(anonymous_4)","decl":{"start":{"line":34,"column":1},"end":{"line":34,"column":2}},"loc":{"start":{"line":34,"column":22},"end":{"line":37,"column":2}},"line":34},"5":{"name":"(anonymous_5)","decl":{"start":{"line":41,"column":1},"end":{"line":41,"column":2}},"loc":{"start":{"line":41,"column":22},"end":{"line":44,"column":2}},"line":41},"6":{"name":"(anonymous_6)","decl":{"start":{"line":48,"column":1},"end":{"line":48,"column":2}},"loc":{"start":{"line":48,"column":22},"end":{"line":51,"column":2}},"line":48},"7":{"name":"(anonymous_7)","decl":{"start":{"line":55,"column":1},"end":{"line":55,"column":2}},"loc":{"start":{"line":55,"column":22},"end":{"line":58,"column":2}},"line":55},"8":{"name":"(anonymous_8)","decl":{"start":{"line":62,"column":1},"end":{"line":62,"column":2}},"loc":{"start":{"line":62,"column":22},"end":{"line":65,"column":2}},"line":62},"9":{"name":"throwError","decl":{"start":{"line":72,"column":9},"end":{"line":72,"column":19}},"loc":{"start":{"line":72,"column":56},"end":{"line":83,"column":1}},"line":72}},"branchMap":{"0":{"loc":{"start":{"line":72,"column":29},"end":{"line":72,"column":54}},"type":"default-arg","locations":[{"start":{"line":72,"column":37},"end":{"line":72,"column":54}}],"line":72}},"s":{"0":1,"1":2,"2":2,"3":2,"4":2,"5":1,"6":1,"7":1,"8":1,"9":0,"10":0,"11":0,"12":0,"13":0,"14":0,"15":0,"16":0,"17":0,"18":0,"19":0,"20":0,"21":0,"22":0,"23":0,"24":0,"25":1,"26":1},"f":{"0":2,"1":1,"2":1,"3":0,"4":0,"5":0,"6":0,"7":0,"8":0,"9":0},"b":{"0":[0]},"_coverageSchema":"1a1c01bbd47fc00a2c39e90264f33305004495a9","hash":"63ac75715b71bbc8102551aa58fa7c9d7376b019","contentHash":"c3a6a4b770aa7a4613b79fee779432ae9aa45bce84e24313e682b719af6c617d"},"/Users/abizeyimanavictor/Documents/www/frappe-backend/utils/index.js":{"path":"/Users/abizeyimanavictor/Documents/www/frappe-backend/utils/index.js","statementMap":{"0":{"start":{"line":1,"column":17},"end":{"line":1,"column":32}},"1":{"start":{"line":3,"column":0},"end":{"line":10,"column":2}},"2":{"start":{"line":4,"column":2},"end":{"line":9,"column":4}},"3":{"start":{"line":7,"column":6},"end":{"line":7,"column":30}},"4":{"start":{"line":13,"column":2},"end":{"line":17,"column":25}},"5":{"start":{"line":15,"column":6},"end":{"line":15,"column":70}},"6":{"start":{"line":21,"column":2},"end":{"line":21,"column":46}},"7":{"start":{"line":25,"column":2},"end":{"line":27,"column":5}},"8":{"start":{"line":26,"column":4},"end":{"line":26,"column":40}},"9":{"start":{"line":31,"column":2},"end":{"line":31,"column":25}},"10":{"start":{"line":31,"column":15},"end":{"line":31,"column":25}},"11":{"start":{"line":32,"column":14},"end":{"line":32,"column":16}},"12":{"start":{"line":33,"column":2},"end":{"line":39,"column":3}},"13":{"start":{"line":34,"column":4},"end":{"line":38,"column":5}},"14":{"start":{"line":35,"column":6},"end":{"line":37,"column":8}},"15":{"start":{"line":40,"column":2},"end":{"line":40,"column":25}},"16":{"start":{"line":44,"column":2},"end":{"line":49,"column":7}},"17":{"start":{"line":45,"column":4},"end":{"line":49,"column":6}},"18":{"start":{"line":46,"column":6},"end":{"line":46,"column":23}},"19":{"start":{"line":48,"column":6},"end":{"line":48,"column":69}},"20":{"start":{"line":57,"column":2},"end":{"line":59,"column":22}},"21":{"start":{"line":59,"column":19},"end":{"line":59,"column":20}},"22":{"start":{"line":62,"column":36},"end":{"line":62,"column":38}},"23":{"start":{"line":63,"column":13},"end":{"line":63,"column":15}},"24":{"start":{"line":64,"column":2},"end":{"line":67,"column":5}},"25":{"start":{"line":65,"column":12},"end":{"line":65,"column":21}},"26":{"start":{"line":66,"column":4},"end":{"line":66,"column":61}},"27":{"start":{"line":71,"column":19},"end":{"line":71,"column":21}},"28":{"start":{"line":72,"column":2},"end":{"line":81,"column":3}},"29":{"start":{"line":73,"column":19},"end":{"line":73,"column":31}},"30":{"start":{"line":74,"column":18},"end":{"line":74,"column":26}},"31":{"start":{"line":76,"column":4},"end":{"line":80,"column":5}},"32":{"start":{"line":77,"column":6},"end":{"line":79,"column":7}},"33":{"start":{"line":78,"column":8},"end":{"line":78,"column":33}},"34":{"start":{"line":82,"column":2},"end":{"line":82,"column":20}},"35":{"start":{"line":86,"column":2},"end":{"line":86,"column":45}},"36":{"start":{"line":89,"column":0},"end":{"line":99,"column":2}}},"fnMap":{"0":{"name":"(anonymous_0)","decl":{"start":{"line":3,"column":25},"end":{"line":3,"column":26}},"loc":{"start":{"line":3,"column":42},"end":{"line":10,"column":1}},"line":3},"1":{"name":"(anonymous_1)","decl":{"start":{"line":6,"column":15},"end":{"line":6,"column":16}},"loc":{"start":{"line":6,"column":34},"end":{"line":8,"column":5}},"line":6},"2":{"name":"slug","decl":{"start":{"line":12,"column":9},"end":{"line":12,"column":13}},"loc":{"start":{"line":12,"column":19},"end":{"line":18,"column":1}},"line":12},"3":{"name":"(anonymous_3)","decl":{"start":{"line":14,"column":36},"end":{"line":14,"column":37}},"loc":{"start":{"line":14,"column":61},"end":{"line":16,"column":5}},"line":14},"4":{"name":"getRandomString","decl":{"start":{"line":20,"column":9},"end":{"line":20,"column":24}},"loc":{"start":{"line":20,"column":27},"end":{"line":22,"column":1}},"line":20},"5":{"name":"sleep","decl":{"start":{"line":24,"column":15},"end":{"line":24,"column":20}},"loc":{"start":{"line":24,"column":30},"end":{"line":28,"column":1}},"line":24},"6":{"name":"(anonymous_6)","decl":{"start":{"line":25,"column":21},"end":{"line":25,"column":22}},"loc":{"start":{"line":25,"column":34},"end":{"line":27,"column":3}},"line":25},"7":{"name":"getQueryString","decl":{"start":{"line":30,"column":9},"end":{"line":30,"column":23}},"loc":{"start":{"line":30,"column":32},"end":{"line":41,"column":1}},"line":30},"8":{"name":"asyncHandler","decl":{"start":{"line":43,"column":9},"end":{"line":43,"column":21}},"loc":{"start":{"line":43,"column":26},"end":{"line":50,"column":1}},"line":43},"9":{"name":"(anonymous_9)","decl":{"start":{"line":44,"column":9},"end":{"line":44,"column":10}},"loc":{"start":{"line":45,"column":4},"end":{"line":49,"column":6}},"line":45},"10":{"name":"(anonymous_10)","decl":{"start":{"line":45,"column":46},"end":{"line":45,"column":47}},"loc":{"start":{"line":45,"column":55},"end":{"line":49,"column":5}},"line":45},"11":{"name":"range","decl":{"start":{"line":56,"column":9},"end":{"line":56,"column":14}},"loc":{"start":{"line":56,"column":18},"end":{"line":60,"column":1}},"line":56},"12":{"name":"(anonymous_12)","decl":{"start":{"line":59,"column":9},"end":{"line":59,"column":10}},"loc":{"start":{"line":59,"column":19},"end":{"line":59,"column":20}},"line":59},"13":{"name":"unique","decl":{"start":{"line":62,"column":9},"end":{"line":62,"column":15}},"loc":{"start":{"line":62,"column":40},"end":{"line":68,"column":1}},"line":62},"14":{"name":"(anonymous_14)","decl":{"start":{"line":62,"column":28},"end":{"line":62,"column":29}},"loc":{"start":{"line":62,"column":36},"end":{"line":62,"column":38}},"line":62},"15":{"name":"(anonymous_15)","decl":{"start":{"line":64,"column":21},"end":{"line":64,"column":22}},"loc":{"start":{"line":64,"column":31},"end":{"line":67,"column":3}},"line":64},"16":{"name":"getDuplicates","decl":{"start":{"line":70,"column":9},"end":{"line":70,"column":22}},"loc":{"start":{"line":70,"column":30},"end":{"line":83,"column":1}},"line":70},"17":{"name":"isPesa","decl":{"start":{"line":85,"column":9},"end":{"line":85,"column":15}},"loc":{"start":{"line":85,"column":23},"end":{"line":87,"column":1}},"line":85}},"branchMap":{"0":{"loc":{"start":{"line":5,"column":4},"end":{"line":8,"column":6}},"type":"binary-expr","locations":[{"start":{"line":5,"column":4},"end":{"line":5,"column":31}},{"start":{"line":6,"column":4},"end":{"line":8,"column":6}}],"line":5},"1":{"loc":{"start":{"line":15,"column":13},"end":{"line":15,"column":69}},"type":"cond-expr","locations":[{"start":{"line":15,"column":26},"end":{"line":15,"column":46}},{"start":{"line":15,"column":49},"end":{"line":15,"column":69}}],"line":15},"2":{"loc":{"start":{"line":31,"column":2},"end":{"line":31,"column":25}},"type":"if","locations":[{"start":{"line":31,"column":2},"end":{"line":31,"column":25}},{"start":{"line":31,"column":2},"end":{"line":31,"column":25}}],"line":31},"3":{"loc":{"start":{"line":34,"column":4},"end":{"line":38,"column":5}},"type":"if","locations":[{"start":{"line":34,"column":4},"end":{"line":38,"column":5}},{"start":{"line":34,"column":4},"end":{"line":38,"column":5}}],"line":34},"4":{"loc":{"start":{"line":34,"column":8},"end":{"line":34,"column":42}},"type":"binary-expr","locations":[{"start":{"line":34,"column":8},"end":{"line":34,"column":19}},{"start":{"line":34,"column":23},"end":{"line":34,"column":42}}],"line":34},"5":{"loc":{"start":{"line":48,"column":17},"end":{"line":48,"column":38}},"type":"binary-expr","locations":[{"start":{"line":48,"column":17},"end":{"line":48,"column":31}},{"start":{"line":48,"column":35},"end":{"line":48,"column":38}}],"line":48},"6":{"loc":{"start":{"line":62,"column":22},"end":{"line":62,"column":38}},"type":"default-arg","locations":[{"start":{"line":62,"column":28},"end":{"line":62,"column":38}}],"line":62},"7":{"loc":{"start":{"line":66,"column":11},"end":{"line":66,"column":60}},"type":"cond-expr","locations":[{"start":{"line":66,"column":36},"end":{"line":66,"column":41}},{"start":{"line":66,"column":45},"end":{"line":66,"column":59}}],"line":66},"8":{"loc":{"start":{"line":76,"column":4},"end":{"line":80,"column":5}},"type":"if","locations":[{"start":{"line":76,"column":4},"end":{"line":80,"column":5}},{"start":{"line":76,"column":4},"end":{"line":80,"column":5}}],"line":76},"9":{"loc":{"start":{"line":77,"column":6},"end":{"line":79,"column":7}},"type":"if","locations":[{"start":{"line":77,"column":6},"end":{"line":79,"column":7}},{"start":{"line":77,"column":6},"end":{"line":79,"column":7}}],"line":77}},"s":{"0":1,"1":1,"2":0,"3":0,"4":0,"5":0,"6":36,"7":1,"8":1,"9":1,"10":0,"11":1,"12":1,"13":6,"14":0,"15":1,"16":0,"17":0,"18":0,"19":0,"20":0,"21":0,"22":0,"23":0,"24":0,"25":0,"26":0,"27":101,"28":101,"29":411,"30":411,"31":411,"32":0,"33":0,"34":101,"35":0,"36":1},"f":{"0":0,"1":0,"2":0,"3":0,"4":36,"5":1,"6":1,"7":1,"8":0,"9":0,"10":0,"11":0,"12":0,"13":0,"14":0,"15":0,"16":101,"17":0},"b":{"0":[0,0],"1":[0,0],"2":[0,1],"3":[0,6],"4":[6,6],"5":[0,0],"6":[0],"7":[0,0],"8":[0,411],"9":[0,0]},"_coverageSchema":"1a1c01bbd47fc00a2c39e90264f33305004495a9","hash":"66a3a8ed33777b305d4255516d74ee75ec89f525","contentHash":"7d4b132b1824c054f41b48e4dc053d2833c3358173f39ec616bb8d0facca1bfd"},"/Users/abizeyimanavictor/Documents/www/frappe-backend/server/index.js":{"path":"/Users/abizeyimanavictor/Documents/www/frappe-backend/server/index.js","statementMap":{"0":{"start":{"line":1,"column":0},"end":{"line":1,"column":27}},"1":{"start":{"line":2,"column":17},"end":{"line":2,"column":19}},"2":{"start":{"line":3,"column":0},"end":{"line":3,"column":60}},"3":{"start":{"line":4,"column":0},"end":{"line":4,"column":58}},"4":{"start":{"line":5,"column":0},"end":{"line":5,"column":58}},"5":{"start":{"line":7,"column":16},"end":{"line":7,"column":34}},"6":{"start":{"line":8,"column":13},"end":{"line":8,"column":28}},"7":{"start":{"line":9,"column":12},"end":{"line":9,"column":21}},"8":{"start":{"line":11,"column":15},"end":{"line":11,"column":42}},"9":{"start":{"line":12,"column":11},"end":{"line":12,"column":43}},"10":{"start":{"line":13,"column":15},"end":{"line":13,"column":40}},"11":{"start":{"line":14,"column":16},"end":{"line":14,"column":36}},"12":{"start":{"line":15,"column":21},"end":{"line":15,"column":53}},"13":{"start":{"line":16,"column":15},"end":{"line":16,"column":47}},"14":{"start":{"line":17,"column":19},"end":{"line":17,"column":41}},"15":{"start":{"line":18,"column":15},"end":{"line":18,"column":32}},"16":{"start":{"line":19,"column":25},"end":{"line":19,"column":52}},"17":{"start":{"line":21,"column":0},"end":{"line":21,"column":29}},"18":{"start":{"line":23,"column":0},"end":{"line":84,"column":2}},"19":{"start":{"line":25,"column":4},"end":{"line":25,"column":22}},"20":{"start":{"line":27,"column":4},"end":{"line":29,"column":5}},"21":{"start":{"line":28,"column":6},"end":{"line":28,"column":46}},"22":{"start":{"line":32,"column":4},"end":{"line":35,"column":7}},"23":{"start":{"line":38,"column":4},"end":{"line":38,"column":31}},"24":{"start":{"line":39,"column":4},"end":{"line":39,"column":55}},"25":{"start":{"line":41,"column":4},"end":{"line":41,"column":28}},"26":{"start":{"line":43,"column":4},"end":{"line":45,"column":5}},"27":{"start":{"line":44,"column":6},"end":{"line":44,"column":22}},"28":{"start":{"line":48,"column":4},"end":{"line":51,"column":7}},"29":{"start":{"line":49,"column":6},"end":{"line":49,"column":53}},"30":{"start":{"line":50,"column":6},"end":{"line":50,"column":41}},"31":{"start":{"line":53,"column":4},"end":{"line":53,"column":23}},"32":{"start":{"line":55,"column":4},"end":{"line":55,"column":55}},"33":{"start":{"line":58,"column":4},"end":{"line":62,"column":7}},"34":{"start":{"line":59,"column":6},"end":{"line":61,"column":8}},"35":{"start":{"line":64,"column":4},"end":{"line":64,"column":21}},"36":{"start":{"line":65,"column":4},"end":{"line":65,"column":27}},"37":{"start":{"line":71,"column":4},"end":{"line":71,"column":27}},"38":{"start":{"line":72,"column":4},"end":{"line":72,"column":18}},"39":{"start":{"line":73,"column":4},"end":{"line":73,"column":50}},"40":{"start":{"line":74,"column":4},"end":{"line":74,"column":32}},"41":{"start":{"line":76,"column":4},"end":{"line":76,"column":40}},"42":{"start":{"line":80,"column":4},"end":{"line":80,"column":62}},"43":{"start":{"line":81,"column":4},"end":{"line":81,"column":30}},"44":{"start":{"line":82,"column":4},"end":{"line":82,"column":30}}},"fnMap":{"0":{"name":"(anonymous_0)","decl":{"start":{"line":24,"column":2},"end":{"line":24,"column":3}},"loc":{"start":{"line":24,"column":53},"end":{"line":68,"column":3}},"line":24},"1":{"name":"(anonymous_1)","decl":{"start":{"line":48,"column":24},"end":{"line":48,"column":25}},"loc":{"start":{"line":48,"column":42},"end":{"line":51,"column":5}},"line":48},"2":{"name":"(anonymous_2)","decl":{"start":{"line":58,"column":38},"end":{"line":58,"column":39}},"loc":{"start":{"line":58,"column":44},"end":{"line":62,"column":5}},"line":58},"3":{"name":"(anonymous_3)","decl":{"start":{"line":70,"column":2},"end":{"line":70,"column":3}},"loc":{"start":{"line":70,"column":15},"end":{"line":77,"column":3}},"line":70},"4":{"name":"(anonymous_4)","decl":{"start":{"line":79,"column":2},"end":{"line":79,"column":3}},"loc":{"start":{"line":79,"column":46},"end":{"line":83,"column":3}},"line":79}},"branchMap":{"0":{"loc":{"start":{"line":27,"column":4},"end":{"line":29,"column":5}},"type":"if","locations":[{"start":{"line":27,"column":4},"end":{"line":29,"column":5}},{"start":{"line":27,"column":4},"end":{"line":29,"column":5}}],"line":27},"1":{"loc":{"start":{"line":43,"column":4},"end":{"line":45,"column":5}},"type":"if","locations":[{"start":{"line":43,"column":4},"end":{"line":45,"column":5}},{"start":{"line":43,"column":4},"end":{"line":45,"column":5}}],"line":43}},"s":{"0":1,"1":1,"2":1,"3":1,"4":1,"5":1,"6":1,"7":1,"8":1,"9":1,"10":1,"11":1,"12":1,"13":1,"14":1,"15":1,"16":1,"17":1,"18":1,"19":0,"20":0,"21":0,"22":0,"23":0,"24":0,"25":0,"26":0,"27":0,"28":0,"29":0,"30":0,"31":0,"32":0,"33":0,"34":0,"35":0,"36":0,"37":8,"38":8,"39":8,"40":8,"41":8,"42":0,"43":0,"44":0},"f":{"0":0,"1":0,"2":0,"3":8,"4":0},"b":{"0":[0,0],"1":[0,0]},"_coverageSchema":"1a1c01bbd47fc00a2c39e90264f33305004495a9","hash":"23c5f1618761e1751eecba5d9fb8e63392e19e80","contentHash":"94e2fc5a8e2067fdd59daf206fa3c7453dd0aff5b5230d0c65e30664c8cee20b"},"/Users/abizeyimanavictor/Documents/www/frappe-backend/backends/sqlite.js":{"path":"/Users/abizeyimanavictor/Documents/www/frappe-backend/backends/sqlite.js","statementMap":{"0":{"start":{"line":1,"column":15},"end":{"line":1,"column":40}},"1":{"start":{"line":2,"column":17},"end":{"line":2,"column":38}},"2":{"start":{"line":6,"column":2},"end":{"line":6,"column":10}},"3":{"start":{"line":7,"column":2},"end":{"line":7,"column":23}},"4":{"start":{"line":8,"column":2},"end":{"line":21,"column":4}},"5":{"start":{"line":15,"column":5},"end":{"line":15,"column":40}},"6":{"start":{"line":16,"column":5},"end":{"line":16,"column":12}},"7":{"start":{"line":25,"column":2},"end":{"line":25,"column":44}},"8":{"start":{"line":26,"column":2},"end":{"line":26,"column":38}},"9":{"start":{"line":28,"column":19},"end":{"line":28,"column":35}},"10":{"start":{"line":31,"column":2},"end":{"line":31,"column":44}},"11":{"start":{"line":34,"column":2},"end":{"line":34,"column":69}},"12":{"start":{"line":37,"column":2},"end":{"line":37,"column":44}},"13":{"start":{"line":40,"column":2},"end":{"line":40,"column":56}},"14":{"start":{"line":42,"column":2},"end":{"line":42,"column":27}},"15":{"start":{"line":43,"column":2},"end":{"line":43,"column":43}},"16":{"start":{"line":51,"column":2},"end":{"line":53,"column":4}},"17":{"start":{"line":52,"column":10},"end":{"line":52,"column":16}},"18":{"start":{"line":57,"column":2},"end":{"line":59,"column":4}},"19":{"start":{"line":58,"column":10},"end":{"line":58,"column":16}},"20":{"start":{"line":64,"column":2},"end":{"line":92,"column":6}},"21":{"start":{"line":96,"column":18},"end":{"line":96,"column":45}},"22":{"start":{"line":97,"column":2},"end":{"line":99,"column":3}},"23":{"start":{"line":98,"column":3},"end":{"line":98,"column":49}},"24":{"start":{"line":100,"column":2},"end":{"line":102,"column":3}},"25":{"start":{"line":101,"column":3},"end":{"line":101,"column":47}},"26":{"start":{"line":103,"column":2},"end":{"line":107,"column":3}},"27":{"start":{"line":106,"column":3},"end":{"line":106,"column":49}},"28":{"start":{"line":108,"column":2},"end":{"line":108,"column":19}},"29":{"start":{"line":113,"column":19},"end":{"line":113,"column":35}},"30":{"start":{"line":114,"column":2},"end":{"line":114,"column":53}},"31":{"start":{"line":115,"column":2},"end":{"line":115,"column":49}},"32":{"start":{"line":116,"column":2},"end":{"line":116,"column":46}},"33":{"start":{"line":117,"column":2},"end":{"line":117,"column":51}},"34":{"start":{"line":118,"column":2},"end":{"line":118,"column":46}},"35":{"start":{"line":119,"column":2},"end":{"line":119,"column":58}},"36":{"start":{"line":120,"column":2},"end":{"line":120,"column":48}},"37":{"start":{"line":124,"column":0},"end":{"line":124,"column":32}}},"fnMap":{"0":{"name":"(anonymous_0)","decl":{"start":{"line":5,"column":1},"end":{"line":5,"column":2}},"loc":{"start":{"line":5,"column":25},"end":{"line":22,"column":2}},"line":5},"1":{"name":"(anonymous_1)","decl":{"start":{"line":14,"column":4},"end":{"line":14,"column":5}},"loc":{"start":{"line":14,"column":28},"end":{"line":17,"column":5}},"line":14},"2":{"name":"(anonymous_2)","decl":{"start":{"line":24,"column":1},"end":{"line":24,"column":2}},"loc":{"start":{"line":24,"column":47},"end":{"line":44,"column":2}},"line":24},"3":{"name":"(anonymous_3)","decl":{"start":{"line":46,"column":1},"end":{"line":46,"column":2}},"loc":{"start":{"line":46,"column":17},"end":{"line":48,"column":2}},"line":46},"4":{"name":"(anonymous_4)","decl":{"start":{"line":50,"column":1},"end":{"line":50,"column":2}},"loc":{"start":{"line":50,"column":32},"end":{"line":54,"column":2}},"line":50},"5":{"name":"(anonymous_5)","decl":{"start":{"line":52,"column":3},"end":{"line":52,"column":4}},"loc":{"start":{"line":52,"column":10},"end":{"line":52,"column":16}},"line":52},"6":{"name":"(anonymous_6)","decl":{"start":{"line":56,"column":1},"end":{"line":56,"column":2}},"loc":{"start":{"line":56,"column":31},"end":{"line":60,"column":2}},"line":56},"7":{"name":"(anonymous_7)","decl":{"start":{"line":58,"column":3},"end":{"line":58,"column":4}},"loc":{"start":{"line":58,"column":10},"end":{"line":58,"column":16}},"line":58},"8":{"name":"(anonymous_8)","decl":{"start":{"line":62,"column":1},"end":{"line":62,"column":2}},"loc":{"start":{"line":62,"column":15},"end":{"line":93,"column":2}},"line":62},"9":{"name":"(anonymous_9)","decl":{"start":{"line":95,"column":1},"end":{"line":95,"column":2}},"loc":{"start":{"line":95,"column":15},"end":{"line":109,"column":2}},"line":95},"10":{"name":"(anonymous_10)","decl":{"start":{"line":111,"column":1},"end":{"line":111,"column":2}},"loc":{"start":{"line":111,"column":46},"end":{"line":121,"column":2}},"line":111}},"branchMap":{"0":{"loc":{"start":{"line":97,"column":2},"end":{"line":99,"column":3}},"type":"if","locations":[{"start":{"line":97,"column":2},"end":{"line":99,"column":3}},{"start":{"line":97,"column":2},"end":{"line":99,"column":3}}],"line":97},"1":{"loc":{"start":{"line":100,"column":2},"end":{"line":102,"column":3}},"type":"if","locations":[{"start":{"line":100,"column":2},"end":{"line":102,"column":3}},{"start":{"line":100,"column":2},"end":{"line":102,"column":3}}],"line":100},"2":{"loc":{"start":{"line":103,"column":2},"end":{"line":107,"column":3}},"type":"if","locations":[{"start":{"line":103,"column":2},"end":{"line":107,"column":3}},{"start":{"line":103,"column":2},"end":{"line":107,"column":3}}],"line":103}},"s":{"0":1,"1":1,"2":8,"3":8,"4":8,"5":8,"6":8,"7":0,"8":0,"9":0,"10":0,"11":0,"12":0,"13":0,"14":0,"15":0,"16":78,"17":616,"18":78,"19":11,"20":8,"21":9,"22":9,"23":0,"24":9,"25":8,"26":9,"27":0,"28":9,"29":0,"30":0,"31":0,"32":0,"33":0,"34":0,"35":0,"36":0,"37":1},"f":{"0":8,"1":8,"2":0,"3":0,"4":78,"5":616,"6":78,"7":11,"8":8,"9":9,"10":0},"b":{"0":[0,9],"1":[8,1],"2":[0,9]},"_coverageSchema":"1a1c01bbd47fc00a2c39e90264f33305004495a9","hash":"66a78c9384c402ebc6b35617ee11babd9c03d37f","contentHash":"47938b5a366417a86dfd67511b185bec154863f40547191e4c81b0e144ca1c91"},"/Users/abizeyimanavictor/Documents/www/frappe-backend/backends/database.js":{"path":"/Users/abizeyimanavictor/Documents/www/frappe-backend/backends/database.js","statementMap":{"0":{"start":{"line":1,"column":15},"end":{"line":1,"column":40}},"1":{"start":{"line":2,"column":19},"end":{"line":2,"column":61}},"2":{"start":{"line":3,"column":21},"end":{"line":3,"column":65}},"3":{"start":{"line":4,"column":13},"end":{"line":4,"column":28}},"4":{"start":{"line":5,"column":26},"end":{"line":5,"column":41}},"5":{"start":{"line":9,"column":4},"end":{"line":9,"column":30}},"6":{"start":{"line":11,"column":0},"end":{"line":882,"column":2}},"7":{"start":{"line":13,"column":4},"end":{"line":13,"column":12}},"8":{"start":{"line":14,"column":4},"end":{"line":14,"column":23}},"9":{"start":{"line":15,"column":4},"end":{"line":15,"column":31}},"10":{"start":{"line":16,"column":4},"end":{"line":16,"column":36}},"11":{"start":{"line":20,"column":4},"end":{"line":20,"column":44}},"12":{"start":{"line":21,"column":4},"end":{"line":23,"column":7}},"13":{"start":{"line":22,"column":6},"end":{"line":22,"column":40}},"14":{"start":{"line":24,"column":4},"end":{"line":24,"column":32}},"15":{"start":{"line":32,"column":4},"end":{"line":49,"column":5}},"16":{"start":{"line":34,"column":17},"end":{"line":34,"column":40}},"17":{"start":{"line":35,"column":24},"end":{"line":35,"column":45}},"18":{"start":{"line":36,"column":6},"end":{"line":48,"column":7}},"19":{"start":{"line":37,"column":8},"end":{"line":47,"column":9}},"20":{"start":{"line":41,"column":10},"end":{"line":41,"column":45}},"21":{"start":{"line":46,"column":10},"end":{"line":46,"column":46}},"22":{"start":{"line":50,"column":4},"end":{"line":50,"column":24}},"23":{"start":{"line":51,"column":4},"end":{"line":51,"column":35}},"24":{"start":{"line":55,"column":25},"end":{"line":57,"column":33}},"25":{"start":{"line":56,"column":28},"end":{"line":56,"column":42}},"26":{"start":{"line":57,"column":22},"end":{"line":57,"column":32}},"27":{"start":{"line":58,"column":4},"end":{"line":83,"column":5}},"28":{"start":{"line":59,"column":6},"end":{"line":71,"column":7}},"29":{"start":{"line":60,"column":29},"end":{"line":60,"column":72}},"30":{"start":{"line":61,"column":8},"end":{"line":69,"column":11}},"31":{"start":{"line":62,"column":28},"end":{"line":67,"column":12}},"32":{"start":{"line":68,"column":10},"end":{"line":68,"column":31}},"33":{"start":{"line":70,"column":8},"end":{"line":70,"column":17}},"34":{"start":{"line":72,"column":17},"end":{"line":72,"column":40}},"35":{"start":{"line":73,"column":6},"end":{"line":75,"column":7}},"36":{"start":{"line":73,"column":36},"end":{"line":73,"column":54}},"37":{"start":{"line":74,"column":8},"end":{"line":74,"column":17}},"38":{"start":{"line":76,"column":26},"end":{"line":81,"column":12}},"39":{"start":{"line":77,"column":8},"end":{"line":79,"column":9}},"40":{"start":{"line":78,"column":10},"end":{"line":78,"column":41}},"41":{"start":{"line":80,"column":8},"end":{"line":80,"column":19}},"42":{"start":{"line":82,"column":6},"end":{"line":82,"column":54}},"43":{"start":{"line":87,"column":14},"end":{"line":90,"column":14}},"44":{"start":{"line":91,"column":4},"end":{"line":91,"column":25}},"45":{"start":{"line":95,"column":27},"end":{"line":100,"column":39}},"46":{"start":{"line":100,"column":29},"end":{"line":100,"column":38}},"47":{"start":{"line":102,"column":4},"end":{"line":111,"column":8}},"48":{"start":{"line":104,"column":54},"end":{"line":107,"column":7}},"49":{"start":{"line":110,"column":10},"end":{"line":110,"column":68}},"50":{"start":{"line":115,"column":4},"end":{"line":115,"column":44}},"51":{"start":{"line":119,"column":17},"end":{"line":119,"column":45}},"52":{"start":{"line":120,"column":4},"end":{"line":120,"column":72}},"53":{"start":{"line":124,"column":4},"end":{"line":128,"column":7}},"54":{"start":{"line":125,"column":6},"end":{"line":127,"column":7}},"55":{"start":{"line":126,"column":8},"end":{"line":126,"column":47}},"56":{"start":{"line":133,"column":15},"end":{"line":133,"column":48}},"57":{"start":{"line":134,"column":25},"end":{"line":134,"column":62}},"58":{"start":{"line":136,"column":4},"end":{"line":152,"column":9}},"59":{"start":{"line":138,"column":8},"end":{"line":142,"column":9}},"60":{"start":{"line":139,"column":10},"end":{"line":141,"column":11}},"61":{"start":{"line":140,"column":12},"end":{"line":140,"column":51}},"62":{"start":{"line":144,"column":8},"end":{"line":146,"column":9}},"63":{"start":{"line":145,"column":10},"end":{"line":145,"column":52}},"64":{"start":{"line":149,"column":8},"end":{"line":151,"column":9}},"65":{"start":{"line":150,"column":10},"end":{"line":150,"column":62}},"66":{"start":{"line":156,"column":21},"end":{"line":156,"column":46}},"67":{"start":{"line":157,"column":4},"end":{"line":161,"column":5}},"68":{"start":{"line":160,"column":6},"end":{"line":160,"column":13}},"69":{"start":{"line":163,"column":17},"end":{"line":163,"column":51}},"70":{"start":{"line":166,"column":4},"end":{"line":168,"column":5}},"71":{"start":{"line":167,"column":6},"end":{"line":167,"column":23}},"72":{"start":{"line":171,"column":4},"end":{"line":173,"column":5}},"73":{"start":{"line":172,"column":6},"end":{"line":172,"column":38}},"74":{"start":{"line":176,"column":4},"end":{"line":181,"column":5}},"75":{"start":{"line":180,"column":6},"end":{"line":180,"column":27}},"76":{"start":{"line":184,"column":4},"end":{"line":192,"column":5}},"77":{"start":{"line":185,"column":17},"end":{"line":185,"column":45}},"78":{"start":{"line":186,"column":6},"end":{"line":191,"column":30}},"79":{"start":{"line":196,"column":25},"end":{"line":196,"column":60}},"80":{"start":{"line":197,"column":24},"end":{"line":197,"column":52}},"81":{"start":{"line":198,"column":17},"end":{"line":198,"column":43}},"82":{"start":{"line":200,"column":4},"end":{"line":207,"column":5}},"83":{"start":{"line":201,"column":6},"end":{"line":206,"column":7}},"84":{"start":{"line":205,"column":8},"end":{"line":205,"column":31}},"85":{"start":{"line":209,"column":28},"end":{"line":209,"column":71}},"86":{"start":{"line":209,"column":55},"end":{"line":209,"column":70}},"87":{"start":{"line":210,"column":4},"end":{"line":214,"column":5}},"88":{"start":{"line":211,"column":6},"end":{"line":213,"column":7}},"89":{"start":{"line":212,"column":8},"end":{"line":212,"column":34}},"90":{"start":{"line":216,"column":4},"end":{"line":216,"column":16}},"91":{"start":{"line":220,"column":4},"end":{"line":222,"column":5}},"92":{"start":{"line":221,"column":6},"end":{"line":221,"column":55}},"93":{"start":{"line":226,"column":22},"end":{"line":226,"column":56}},"94":{"start":{"line":227,"column":25},"end":{"line":227,"column":27}},"95":{"start":{"line":228,"column":15},"end":{"line":228,"column":38}},"96":{"start":{"line":229,"column":4},"end":{"line":236,"column":5}},"97":{"start":{"line":230,"column":6},"end":{"line":235,"column":7}},"98":{"start":{"line":234,"column":8},"end":{"line":234,"column":35}},"99":{"start":{"line":237,"column":4},"end":{"line":237,"column":26}},"100":{"start":{"line":241,"column":4},"end":{"line":243,"column":5}},"101":{"start":{"line":242,"column":6},"end":{"line":242,"column":41}},"102":{"start":{"line":247,"column":4},"end":{"line":247,"column":14}},"103":{"start":{"line":251,"column":4},"end":{"line":251,"column":14}},"104":{"start":{"line":255,"column":15},"end":{"line":255,"column":38}},"105":{"start":{"line":257,"column":4},"end":{"line":265,"column":5}},"106":{"start":{"line":258,"column":6},"end":{"line":258,"column":42}},"107":{"start":{"line":259,"column":6},"end":{"line":259,"column":25}},"108":{"start":{"line":261,"column":6},"end":{"line":263,"column":7}},"109":{"start":{"line":262,"column":8},"end":{"line":262,"column":64}},"110":{"start":{"line":264,"column":6},"end":{"line":264,"column":53}},"111":{"start":{"line":266,"column":4},"end":{"line":268,"column":5}},"112":{"start":{"line":267,"column":6},"end":{"line":267,"column":13}},"113":{"start":{"line":269,"column":4},"end":{"line":269,"column":39}},"114":{"start":{"line":270,"column":4},"end":{"line":270,"column":15}},"115":{"start":{"line":275,"column":22},"end":{"line":275,"column":43}},"116":{"start":{"line":276,"column":4},"end":{"line":284,"column":5}},"117":{"start":{"line":277,"column":6},"end":{"line":283,"column":9}},"118":{"start":{"line":288,"column":17},"end":{"line":294,"column":6}},"119":{"start":{"line":295,"column":14},"end":{"line":295,"column":16}},"120":{"start":{"line":296,"column":4},"end":{"line":298,"column":5}},"121":{"start":{"line":297,"column":6},"end":{"line":297,"column":37}},"122":{"start":{"line":299,"column":4},"end":{"line":299,"column":15}},"123":{"start":{"line":314,"column":4},"end":{"line":319,"column":7}},"124":{"start":{"line":315,"column":6},"end":{"line":317,"column":7}},"125":{"start":{"line":316,"column":8},"end":{"line":316,"column":29}},"126":{"start":{"line":318,"column":6},"end":{"line":318,"column":23}},"127":{"start":{"line":321,"column":18},"end":{"line":321,"column":47}},"128":{"start":{"line":322,"column":4},"end":{"line":322,"column":43}},"129":{"start":{"line":324,"column":4},"end":{"line":330,"column":7}},"130":{"start":{"line":325,"column":6},"end":{"line":329,"column":7}},"131":{"start":{"line":326,"column":8},"end":{"line":326,"column":49}},"132":{"start":{"line":328,"column":8},"end":{"line":328,"column":57}},"133":{"start":{"line":332,"column":17},"end":{"line":332,"column":19}},"134":{"start":{"line":333,"column":4},"end":{"line":340,"column":5}},"135":{"start":{"line":334,"column":6},"end":{"line":334,"column":68}},"136":{"start":{"line":336,"column":6},"end":{"line":338,"column":7}},"137":{"start":{"line":337,"column":8},"end":{"line":337,"column":18}},"138":{"start":{"line":339,"column":6},"end":{"line":339,"column":18}},"139":{"start":{"line":342,"column":4},"end":{"line":345,"column":7}},"140":{"start":{"line":343,"column":21},"end":{"line":343,"column":56}},"141":{"start":{"line":344,"column":6},"end":{"line":344,"column":53}},"142":{"start":{"line":349,"column":15},"end":{"line":349,"column":38}},"143":{"start":{"line":350,"column":22},"end":{"line":350,"column":43}},"144":{"start":{"line":352,"column":16},"end":{"line":356,"column":14}},"145":{"start":{"line":358,"column":4},"end":{"line":360,"column":5}},"146":{"start":{"line":359,"column":6},"end":{"line":359,"column":17}},"147":{"start":{"line":362,"column":4},"end":{"line":362,"column":53}},"148":{"start":{"line":367,"column":22},"end":{"line":367,"column":38}},"149":{"start":{"line":368,"column":27},"end":{"line":370,"column":5}},"150":{"start":{"line":369,"column":6},"end":{"line":369,"column":35}},"151":{"start":{"line":372,"column":28},"end":{"line":376,"column":10}},"152":{"start":{"line":373,"column":28},"end":{"line":373,"column":33}},"153":{"start":{"line":374,"column":6},"end":{"line":374,"column":71}},"154":{"start":{"line":375,"column":6},"end":{"line":375,"column":15}},"155":{"start":{"line":378,"column":4},"end":{"line":378,"column":47}},"156":{"start":{"line":383,"column":4},"end":{"line":392,"column":5}},"157":{"start":{"line":384,"column":6},"end":{"line":386,"column":7}},"158":{"start":{"line":385,"column":8},"end":{"line":385,"column":34}},"159":{"start":{"line":388,"column":6},"end":{"line":390,"column":35}},"160":{"start":{"line":391,"column":6},"end":{"lin
[...]
:47}},{"start":{"line":8,"column":51},"end":{"line":8,"column":53}}],"line":8},"4":{"loc":{"start":{"line":10,"column":6},"end":{"line":12,"column":7}},"type":"if","locations":[{"start":{"line":10,"column":6},"end":{"line":12,"column":7}},{"start":{"line":10,"column":6},"end":{"line":12,"column":7}}],"line":10},"5":{"loc":{"start":{"line":20,"column":10},"end":{"line":26,"column":11}},"type":"if","locations":[{"start":{"line":20,"column":10},"end":{"line":26,"column":11}},{"start":{"line":20,"column":10},"end":{"line":26,"column":11}}],"line":20},"6":{"loc":{"start":{"line":36,"column":42},"end":{"line":36,"column":61}},"type":"binary-expr","locations":[{"start":{"line":36,"column":42},"end":{"line":36,"column":55}},{"start":{"line":36,"column":59},"end":{"line":36,"column":61}}],"line":36}},"s":{"0":1,"1":1,"2":0,"3":0,"4":0,"5":0,"6":0,"7":0,"8":0,"9":0,"10":0,"11":0,"12":0,"13":0,"14":0,"15":0,"16":0,"17":0,"18":0,"19":0,"20":0,"21":0,"22":0,"23":0,"24":0,"25":0,"26":0,"27":0},"f":{"0":0,"1":0,"2":0,"3":0,"4":0,"5":0,"6":0,"7":0},"b":{"0":[0],"1":[0,0],"2":[0,0],"3":[0,0],"4":[0,0],"5":[0,0],"6":[0,0]},"_coverageSchema":"1a1c01bbd47fc00a2c39e90264f33305004495a9","hash":"d63dac8dae6a80c294de785509d62fff70580845","contentHash":"f4914435af6b7d49aca7cbfa63f45296bb8f2144e8c5675bfb37a0dda4fd44c4"},"/Users/abizeyimanavictor/Documents/www/frappe-backend/webpack/utils.js":{"path":"/Users/abizeyimanavictor/Documents/www/frappe-backend/webpack/utils.js","statementMap":{"0":{"start":{"line":1,"column":11},"end":{"line":1,"column":24}},"1":{"start":{"line":2,"column":13},"end":{"line":2,"column":28}},"2":{"start":{"line":3,"column":14},"end":{"line":3,"column":30}},"3":{"start":{"line":4,"column":21},"end":{"line":4,"column":51}},"4":{"start":{"line":5,"column":15},"end":{"line":5,"column":34}},"5":{"start":{"line":7,"column":19},"end":{"line":7,"column":43}},"6":{"start":{"line":10,"column":12},"end":{"line":10,"column":25}},"7":{"start":{"line":12,"column":2},"end":{"line":14,"column":3}},"8":{"start":{"line":13,"column":4},"end":{"line":13,"column":15}},"9":{"start":{"line":16,"column":2},"end":{"line":16,"column":32}},"10":{"start":{"line":18,"column":2},"end":{"line":18,"column":9}},"11":{"start":{"line":19,"column":2},"end":{"line":19,"column":62}},"12":{"start":{"line":20,"column":2},"end":{"line":24,"column":4}},"13":{"start":{"line":25,"column":2},"end":{"line":25,"column":9}},"14":{"start":{"line":26,"column":2},"end":{"line":26,"column":18}},"15":{"start":{"line":30,"column":19},"end":{"line":35,"column":3}},"16":{"start":{"line":36,"column":20},"end":{"line":36,"column":66}},"17":{"start":{"line":37,"column":2},"end":{"line":37,"column":43}},"18":{"start":{"line":41,"column":2},"end":{"line":41,"column":44}},"19":{"start":{"line":44,"column":0},"end":{"line":48,"column":2}}},"fnMap":{"0":{"name":"getAppDir","decl":{"start":{"line":9,"column":9},"end":{"line":9,"column":18}},"loc":{"start":{"line":9,"column":21},"end":{"line":27,"column":1}},"line":9},"1":{"name":"getAppConfig","decl":{"start":{"line":29,"column":9},"end":{"line":29,"column":21}},"loc":{"start":{"line":29,"column":24},"end":{"line":38,"column":1}},"line":29},"2":{"name":"resolveAppDir","decl":{"start":{"line":40,"column":9},"end":{"line":40,"column":22}},"loc":{"start":{"line":40,"column":32},"end":{"line":42,"column":1}},"line":40}},"branchMap":{"0":{"loc":{"start":{"line":12,"column":2},"end":{"line":14,"column":3}},"type":"if","locations":[{"start":{"line":12,"column":2},"end":{"line":14,"column":3}},{"start":{"line":12,"column":2},"end":{"line":14,"column":3}}],"line":12},"1":{"loc":{"start":{"line":33,"column":21},"end":{"line":33,"column":45}},"type":"binary-expr","locations":[{"start":{"line":33,"column":21},"end":{"line":33,"column":37}},{"start":{"line":33,"column":41},"end":{"line":33,"column":45}}],"line":33}},"s":{"0":1,"1":1,"2":1,"3":1,"4":1,"5":1,"6":1,"7":1,"8":1,"9":0,"10":0,"11":0,"12":0,"13":0,"14":0,"15":1,"16":1,"17":1,"18":0,"19":1},"f":{"0":1,"1":1,"2":0},"b":{"0":[1,0],"1":[1,1]},"_coverageSchema":"1a1c01bbd47fc00a2c39e90264f33305004495a9","hash":"f6d5545f76e598d6748f1a030b543f7d52e54e51","contentHash":"bccf686ccd96f33fbe01dc5df09e9e9258d33382bc0ba17007aaf8691163a2aa"},"/Users/abizeyimanavictor/Documents/www/frappe-backend/webpack/logger.js":{"path":"/Users/abizeyimanavictor/Documents/www/frappe-backend/webpack/logger.js","statementMap":{"0":{"start":{"line":1,"column":11},"end":{"line":1,"column":24}},"1":{"start":{"line":2,"column":14},"end":{"line":2,"column":30}},"2":{"start":{"line":6,"column":0},"end":{"line":19,"column":1}},"3":{"start":{"line":7,"column":2},"end":{"line":18,"column":3}},"4":{"start":{"line":8,"column":24},"end":{"line":8,"column":35}},"5":{"start":{"line":9,"column":17},"end":{"line":9,"column":56}},"6":{"start":{"line":10,"column":4},"end":{"line":10,"column":27}},"7":{"start":{"line":12,"column":4},"end":{"line":17,"column":5}},"8":{"start":{"line":13,"column":6},"end":{"line":13,"column":87}},"9":{"start":{"line":16,"column":6},"end":{"line":16,"column":19}}},"fnMap":{"0":{"name":"(anonymous_0)","decl":{"start":{"line":6,"column":17},"end":{"line":6,"column":18}},"loc":{"start":{"line":6,"column":52},"end":{"line":19,"column":1}},"line":6},"1":{"name":"(anonymous_1)","decl":{"start":{"line":7,"column":9},"end":{"line":7,"column":10}},"loc":{"start":{"line":7,"column":28},"end":{"line":18,"column":3}},"line":7}},"branchMap":{"0":{"loc":{"start":{"line":6,"column":35},"end":{"line":6,"column":50}},"type":"default-arg","locations":[{"start":{"line":6,"column":43},"end":{"line":6,"column":50}}],"line":6},"1":{"loc":{"start":{"line":9,"column":32},"end":{"line":9,"column":55}},"type":"binary-expr","locations":[{"start":{"line":9,"column":32},"end":{"line":9,"column":40}},{"start":{"line":9,"column":44},"end":{"line":9,"column":55}}],"line":9},"2":{"loc":{"start":{"line":12,"column":4},"end":{"line":17,"column":5}},"type":"if","locations":[{"start":{"line":12,"column":4},"end":{"line":17,"column":5}},{"start":{"line":12,"column":4},"end":{"line":17,"column":5}}],"line":12}},"s":{"0":1,"1":1,"2":1,"3":0,"4":0,"5":0,"6":0,"7":0,"8":0,"9":0},"f":{"0":0,"1":0},"b":{"0":[0],"1":[0,0],"2":[0,0]},"_coverageSchema":"1a1c01bbd47fc00a2c39e90264f33305004495a9","hash":"ad0734499360bff8f2689a9bc0d46811df6e4cb9","contentHash":"6c4c5d671132ef3f1566eba3985f1a03b82da6e9ee1fbea89eb4a4d9abfe3a03"},"/Users/abizeyimanavictor/Documents/www/frappe-backend/frappe-backend.conf.js":{"path":"/Users/abizeyimanavictor/Documents/www/frappe-backend/frappe-backend.conf.js","statementMap":{"0":{"start":{"line":1,"column":0},"end":{"line":11,"column":2}}},"fnMap":{},"branchMap":{"0":{"loc":{"start":{"line":3,"column":17},"end":{"line":3,"column":41}},"type":"binary-expr","locations":[{"start":{"line":3,"column":17},"end":{"line":3,"column":33}},{"start":{"line":3,"column":37},"end":{"line":3,"column":41}}],"line":3}},"s":{"0":1},"f":{},"b":{"0":[1,1]},"_coverageSchema":"1a1c01bbd47fc00a2c39e90264f33305004495a9","hash":"3abe9fd21a53a892462cb287b97bcbe28798ca58","contentHash":"d00765f0e382d5c1f4e98d04e5f29948090166864ceec81ee7947602e145911f"},"/Users/abizeyimanavictor/Documents/www/frappe-backend/backends/http.js":{"path":"/Users/abizeyimanavictor/Documents/www/frappe-backend/backends/http.js","statementMap":{"0":{"start":{"line":1,"column":15},"end":{"line":1,"column":40}},"1":{"start":{"line":2,"column":19},"end":{"line":2,"column":61}},"2":{"start":{"line":3,"column":21},"end":{"line":3,"column":68}},"3":{"start":{"line":3,"column":31},"end":{"line":3,"column":68}},"4":{"start":{"line":5,"column":0},"end":{"line":235,"column":2}},"5":{"start":{"line":7,"column":2},"end":{"line":7,"column":10}},"6":{"start":{"line":9,"column":2},"end":{"line":9,"column":23}},"7":{"start":{"line":10,"column":2},"end":{"line":10,"column":27}},"8":{"start":{"line":11,"column":2},"end":{"line":11,"column":42}},"9":{"start":{"line":14,"column":2},"end":{"line":14,"column":26}},"10":{"start":{"line":16,"column":2},"end":{"line":16,"column":21}},"11":{"start":{"line":22,"column":2},"end":{"line":22,"column":24}},"12":{"start":{"line":23,"column":22},"end":{"line":23,"column":48}},"13":{"start":{"line":24,"column":12},"end":{"line":24,"column":49}},"14":{"start":{"line":26,"column":22},"end":{"line":29,"column":4}},"15":{"start":{"line":31,"column":2},"end":{"line":31,"column":74}},"16":{"start":{"line":33,"column":2},"end":{"line":33,"column":21}},"17":{"start":{"line":37,"column":2},"end":{"line":37,"column":34}},"18":{"start":{"line":38,"column":12},"end":{"line":38,"column":55}},"19":{"start":{"line":39,"column":2},"end":{"line":42,"column":5}},"20":{"start":{"line":46,"column":12},"end":{"line":46,"column":49}},"21":{"start":{"line":48,"column":2},"end":{"line":58,"column":6}},"22":{"start":{"line":60,"column":2},"end":{"line":62,"column":5}},"23":{"start":{"line":66,"column":2},"end":{"line":66,"column":24}},"24":{"start":{"line":67,"column":22},"end":{"line":67,"column":48}},"25":{"start":{"line":68,"column":12},"end":{"line":68,"column":59}},"26":{"start":{"line":70,"column":22},"end":{"line":73,"column":4}},"27":{"start":{"line":75,"column":2},"end":{"line":75,"column":74}},"28":{"start":{"line":77,"column":2},"end":{"line":77,"column":21}},"29":{"start":{"line":81,"column":12},"end":{"line":81,"column":55}},"30":{"start":{"line":83,"column":2},"end":{"line":85,"column":5}},"31":{"start":{"line":89,"column":12},"end":{"line":89,"column":49}},"32":{"start":{"line":91,"column":2},"end":{"line":94,"column":5}},"33":{"start":{"line":98,"column":2},"end":{"line":98,"column":69}},"34":{"start":{"line":102,"column":12},"end":{"line":102,"column":66}},"35":{"start":{"line":104,"column":2},"end":{"line":108,"column":10}},"36":{"start":{"line":112,"column":2},"end":{"line":112,"column":28}},"37":{"start":{"line":114,"column":2},"end":{"line":114,"column":35}},"38":{"start":{"line":115,"column":17},"end":{"line":115,"column":46}},"39":{"start":{"line":117,"column":2},"end":{"line":117,"column":27}},"40":{"start":{"line":119,"column":2},"end":{"line":122,"column":3}},"41":{"start":{"line":120,"column":14},"end":{"line":120,"column":35}},"42":{"start":{"line":121,"column":3},"end":{"line":121,"column":15}},"43":{"start":{"line":124,"column":2},"end":{"line":126,"column":3}},"44":{"start":{"line":125,"column":3},"end":{"line":125,"column":32}},"45":{"start":{"line":128,"column":2},"end":{"line":128,"column":37}},"46":{"start":{"line":132,"column":15},"end":{"line":132,"column":42}},"47":{"start":{"line":133,"column":21},"end":{"line":133,"column":62}},"48":{"start":{"line":134,"column":24},"end":{"line":134,"column":26}},"49":{"start":{"line":136,"column":2},"end":{"line":147,"column":3}},"50":{"start":{"line":137,"column":3},"end":{"line":146,"column":6}},"51":{"start":{"line":138,"column":18},"end":{"line":138,"column":41}},"52":{"start":{"line":139,"column":4},"end":{"line":144,"column":5}},"53":{"start":{"line":140,"column":5},"end":{"line":143,"column":8}},"54":{"start":{"line":145,"column":4},"end":{"line":145,"column":29}},"55":{"start":{"line":149,"column":2},"end":{"line":149,"column":23}},"56":{"start":{"line":153,"column":2},"end":{"line":164,"column":3}},"57":{"start":{"line":155,"column":3},"end":{"line":163,"column":4}},"58":{"start":{"line":156,"column":18},"end":{"line":161,"column":5}},"59":{"start":{"line":162,"column":4},"end":{"line":162,"column":48}},"60":{"start":{"line":168,"column":12},"end":{"line":168,"column":64}},"61":{"start":{"line":170,"column":17},"end":{"line":170,"column":31}},"62":{"start":{"line":171,"column":2},"end":{"line":173,"column":3}},"63":{"start":{"line":172,"column":3},"end":{"line":172,"column":45}},"64":{"start":{"line":175,"column":17},"end":{"line":178,"column":4}},"65":{"start":{"line":180,"column":15},"end":{"line":180,"column":36}},"66":{"start":{"line":181,"column":2},"end":{"line":183,"column":3}},"67":{"start":{"line":182,"column":3},"end":{"line":182,"column":27}},"68":{"start":{"line":184,"column":2},"end":{"line":184,"column":14}},"69":{"start":{"line":188,"column":2},"end":{"line":188,"column":71}},"70":{"start":{"line":192,"column":18},"end":{"line":195,"column":3}},"71":{"start":{"line":196,"column":2},"end":{"line":198,"column":3}},"72":{"start":{"line":197,"column":3},"end":{"line":197,"column":40}},"73":{"start":{"line":199,"column":2},"end":{"line":199,"column":17}},"74":{"start":{"line":203,"column":2},"end":{"line":231,"column":4}}},"fnMap":{"0":{"name":"(anonymous_0)","decl":{"start":{"line":3,"column":21},"end":{"line":3,"column":22}},"loc":{"start":{"line":3,"column":31},"end":{"line":3,"column":68}},"line":3},"1":{"name":"(anonymous_1)","decl":{"start":{"line":6,"column":1},"end":{"line":6,"column":2}},"loc":{"start":{"line":6,"column":44},"end":{"line":17,"column":2}},"line":6},"2":{"name":"(anonymous_2)","decl":{"start":{"line":19,"column":1},"end":{"line":19,"column":2}},"loc":{"start":{"line":19,"column":11},"end":{"line":19,"column":13}},"line":19},"3":{"name":"(anonymous_3)","decl":{"start":{"line":21,"column":1},"end":{"line":21,"column":2}},"loc":{"start":{"line":21,"column":28},"end":{"line":34,"column":2}},"line":21},"4":{"name":"(anonymous_4)","decl":{"start":{"line":36,"column":1},"end":{"line":36,"column":2}},"loc":{"start":{"line":36,"column":26},"end":{"line":43,"column":2}},"line":36},"5":{"name":"(anonymous_5)","decl":{"start":{"line":45,"column":1},"end":{"line":45,"column":2}},"loc":{"start":{"line":45,"column":73},"end":{"line":63,"column":2}},"line":45},"6":{"name":"(anonymous_6)","decl":{"start":{"line":65,"column":1},"end":{"line":65,"column":2}},"loc":{"start":{"line":65,"column":28},"end":{"line":78,"column":2}},"line":65},"7":{"name":"(anonymous_7)","decl":{"start":{"line":80,"column":1},"end":{"line":80,"column":2}},"loc":{"start":{"line":80,"column":29},"end":{"line":86,"column":2}},"line":80},"8":{"name":"(anonymous_8)","decl":{"start":{"line":88,"column":1},"end":{"line":88,"column":2}},"loc":{"start":{"line":88,"column":34},"end":{"line":95,"column":2}},"line":88},"9":{"name":"(anonymous_9)","decl":{"start":{"line":97,"column":1},"end":{"line":97,"column":2}},"loc":{"start":{"line":97,"column":29},"end":{"line":99,"column":2}},"line":97},"10":{"name":"(anonymous_10)","decl":{"start":{"line":101,"column":1},"end":{"line":101,"column":2}},"loc":{"start":{"line":101,"column":42},"end":{"line":109,"column":2}},"line":101},"11":{"name":"(anonymous_11)","decl":{"start":{"line":111,"column":1},"end":{"line":111,"column":2}},"loc":{"start":{"line":111,"column":24},"end":{"line":129,"column":2}},"line":111},"12":{"name":"(anonymous_12)","decl":{"start":{"line":131,"column":1},"end":{"line":131,"column":2}},"loc":{"start":{"line":131,"column":23},"end":{"line":150,"column":2}},"line":131},"13":{"name":"(anonymous_13)","decl":{"start":{"line":137,"column":22},"end":{"line":137,"column":23}},"loc":{"start":{"line":137,"column":30},"end":{"line":146,"column":4}},"line":137},"14":{"name":"(anonymous_14)","decl":{"start":{"line":152,"column":1},"end":{"line":152,"column":2}},"loc":{"start":{"line":152,"column":60},"end":{"line":165,"column":2}},"line":152},"15":{"name":"(anonymous_15)","decl":{"start":{"line":167,"column":1},"end":{"line":167,"column":2}},"loc":{"start":{"line":167,"column":55},"end":{"line":185,"column":2}},"line":167},"16":{"name":"(anonymous_16)","decl":{"start":{"line":187,"column":1},"end":{"line":187,"column":2}},"loc":{"start":{"line":187,"column":18},"end":{"line":189,"column":2}},"line":187},"17":{"name":"(anonymous_17)","decl":{"start":{"line":191,"column":1},"end":{"line":191,"column":2}},"loc":{"start":{"line":191,"column":14},"end":{"line":200,"column":2}},"line":191},"18":{"name":"(anonymous_18)","decl":{"start":{"line":202,"column":1},"end":{"line":202,"column":2}},"loc":{"start":{"line":202,"column":15},"end":{"line":232,"column":2}},"line":202},"19":{"name":"(anonymous_19)","decl":{"start":{"line":234,"column":1},"end":{"line":234,"column":2}},"loc":{"start":{"line":234,"column":9},"end":{"line":234,"column":11}},"line":234}},"branchMap":{"0":{"loc":{"start":{"line":6,"column":23},"end":{"line":6,"column":40}},"type":"default-arg","locations":[{"start":{"line":6,"column":34},"end":{"line":6,"column":40}}],"line":6},"1":{"loc":{"start":{"line":98,"column":9},"end":{"line":98,"column":68}},"type":"cond-expr","locations":[{"start":{"line":98,"column":56},"end":{"line":98,"column":60}},{"start":{"line":98,"column":63},"end":{"line":98,"column":68}}],"line":98},"2":{"loc":{"start":{"line":119,"column":2},"end":{"line":122,"column":3}},"type":"if","locations":[{"start":{"line":119,"column":2},"end":{"line":122,"column":3}},{"start":{"line":119,"column":2},"end":{"line":122,"column":3}}],"line":119},"3":{"loc":{"start":{"line":124,"column":2},"end":{"line":126,"column":3}},"type":"if","locations":[{"start":{"line":124,"column":2},"end":{"line":126,"column":3}},{"start":{"line":124,"column":2},"end":{"line":126,"column":3}}],"line":124},"4":{"loc":{"start":{"line":136,"column":2},"end":{"line":147,"column":3}},"type":"if","locations":[{"start":{"line":136,"column":2},"end":{"line":147,"column":3}},{"start":{"line":136,"column":2},"end":{"line":147,"column":3}}],"line":136},"5":{"loc":{"start":{"line":138,"column":18},"end":{"line":138,"column":41}},"type":"binary-expr","locations":[{"start":{"line":138,"column":18},"end":{"line":138,"column":35}},{"start":{"line":138,"column":39},"end":{"line":138,"column":41}}],"line":138},"6":{"loc":{"start":{"line":139,"column":4},"end":{"line":144,"column":5}},"type":"if","locations":[{"start":{"line":139,"column":4},"end":{"line":144,"column":5}},{"start":{"line":139,"column":4},"end":{"line":144,"column":5}}],"line":139},"7":{"loc":{"start":{"line":153,"column":2},"end":{"line":164,"column":3}},"type":"if","locations":[{"start":{"line":153,"column":2},"end":{"line":164,"column":3}},{"start":{"line":153,"column":2},"end":{"line":164,"column":3}}],"line":153},"8":{"loc":{"start":{"line":181,"column":2},"end":{"line":183,"column":3}},"type":"if","locations":[{"start":{"line":181,"column":2},"end":{"line":183,"column":3}},{"start":{"line":181,"column":2},"end":{"line":183,"column":3}}],"line":181},"9":{"loc":{"start":{"line":188,"column":48},"end":{"line":188,"column":59}},"type":"binary-expr","locations":[{"start":{"line":188,"column":48},"end":{"line":188,"column":53}},{"start":{"line":188,"column":57},"end":{"line":188,"column":59}}],"line":188},"10":{"loc":{"start":{"line":196,"column":2},"end":{"line":198,"column":3}},"type":"if","locations":[{"start":{"line":196,"column":2},"end":{"line":198,"column":3}},{"start":{"line":196,"column":2},"end":{"line":198,"column":3}}],"line":196},"11":{"loc":{"start":{"line":196,"column":6},"end":{"line":196,"column":44}},"type":"binary-expr","locations":[{"start":{"line":196,"column":6},"end":{"line":196,"column":20}},{"start":{"line":196,"column":24},"end":{"line":196,"column":44}}],"line":196}},"s":{"0":1,"1":1,"2":1,"3":38,"4":1,"5":1,"6":1,"7":1,"8":1,"9":1,"10":1,"11":7,"12":7,"13":7,"14":7,"15":7,"16":7,"17":2,"18":2,"19":2,"20":1,"21":1,"22":1,"23":1,"24":1,"25":1,"26":1,"27":1,"28":1,"29":1,"30":1,"31":1,"32":1,"33":6,"34":6,"35":6,"36":19,"37":19,"38":19,"39":19,"40":19,"41":19,"42":19,"43":0,"44":0,"45":0,"46":8,"47":8,"48":8,"49":8,"50":0,"51":0,"52":0,"53":0,"54":0,"55":8,"56":8,"57":0,"58":0,"59":0,"60":0,"61":0,"62":0,"63":0,"64":0,"65":0,"66":0,"67":0,"68":0,"69":20,"70":21,"71":21,"72":0,"73":21,"74":1},"f":{"0":38,"1":1,"2":0,"3":7,"4":2,"5":1,"6":1,"7":1,"8":1,"9":6,"10":6,"11":19,"12":8,"13":0,"14":8,"15":0,"16":20,"17":21,"18":1,"19":1},"b":{"0":[1],"1":[3,3],"2":[19,0],"3":[0,0],"4":[0,8],"5":[0,0],"6":[0,0],"7":[0,8],"8":[0,0],"9":[20,0],"10":[0,21],"11":[21,21]},"_coverageSchema":"1a1c01bbd47fc00a2c39e90264f33305004495a9","hash":"b3408d8b3a976e2e2894a1410bebb4392cd07fa6","contentHash":"785d03748b2906c31fc53620a1ec53720f8c4323305d65da03faac84ef35f7c0"}}